[2.826s] DEBUG:colcon:Command line arguments: ['/bin/colcon', 'list', '-p', '--base-paths', '/home/pi4/ros2_test']
[2.828s] DEBUG:colcon:Parsed command line arguments: Namespace(allow_overriding=[], base_paths=['/home/pi4/ros2_test'], build_base='build', ignore_user_meta=False, log_base=None, log_level=None, main=<bound method ListVerb.main of <colcon_package_information.verb.list.ListVerb object at 0xffff95beffd0>>, metas=['./colcon.meta'], names_only=False, packages_above=None, packages_above_and_dependencies=None, packages_above_depth=None, packages_end=None, packages_ignore=None, packages_ignore_regex=None, packages_select=None, packages_select_build_failed=False, packages_select_by_dep=None, packages_select_regex=None, packages_select_test_failures=False, packages_skip=None, packages_skip_build_finished=False, packages_skip_by_dep=None, packages_skip_regex=None, packages_skip_test_passed=False, packages_skip_up_to=None, packages_start=None, packages_up_to=None, packages_up_to_regex=None, paths=None, paths_only=True, topological_graph=False, topological_graph_density=False, topological_graph_dot=False, topological_graph_dot_cluster=False, topological_graph_dot_include_skipped=False, topological_graph_legend=False, topological_order=False, verb_extension=<colcon_package_information.verb.list.ListVerb object at 0xffff95beffd0>, verb_name='list', verb_parser=<colcon_defaults.argument_parser.defaults.DefaultArgumentsDecorator object at 0xffff95ab1d30>)
[3.216s] Level 1:colcon.colcon_core.package_discovery:discover_packages(colcon_meta) check parameters
[3.217s] Level 1:colcon.colcon_core.package_discovery:discover_packages(recursive) check parameters
[3.217s] Level 1:colcon.colcon_core.package_discovery:discover_packages(ignore) check parameters
[3.217s] Level 1:colcon.colcon_core.package_discovery:discover_packages(path) check parameters
[3.217s] Level 1:colcon.colcon_core.package_discovery:discover_packages(recursive) discover
[3.218s] INFO:colcon.colcon_core.package_discovery:Crawling recursively for packages in '/home/pi4/ros2_test'
[3.219s] Level 1:colcon.colcon_core.package_identification:_identify(/home/pi4/ros2_test) by extensions ['ignore', 'ignore_ament_install']
[3.219s] Level 1:colcon.colcon_core.package_identification:_identify(/home/pi4/ros2_test) by extension 'ignore'
[3.220s] Level 1:colcon.colcon_core.package_identification:_identify(/home/pi4/ros2_test) by extension 'ignore_ament_install'
[3.221s] Level 1:colcon.colcon_core.package_identification:_identify(/home/pi4/ros2_test) by extensions ['colcon_pkg']
[3.221s] Level 1:colcon.colcon_core.package_identification:_identify(/home/pi4/ros2_test) by extension 'colcon_pkg'
[3.221s] Level 1:colcon.colcon_core.package_identification:_identify(/home/pi4/ros2_test) by extensions ['colcon_meta']
[3.222s] Level 1:colcon.colcon_core.package_identification:_identify(/home/pi4/ros2_test) by extension 'colcon_meta'
[3.222s] Level 1:colcon.colcon_core.package_identification:_identify(/home/pi4/ros2_test) by extensions ['ros']
[3.223s] Level 1:colcon.colcon_core.package_identification:_identify(/home/pi4/ros2_test) by extension 'ros'
[3.288s] Level 1:colcon.colcon_core.package_identification:_identify(/home/pi4/ros2_test) by extensions ['cmake', 'python']
[3.289s] Level 1:colcon.colcon_core.package_identification:_identify(/home/pi4/ros2_test) by extension 'cmake'
[3.289s] Level 1:colcon.colcon_core.package_identification:_identify(/home/pi4/ros2_test) by extension 'python'
[3.290s] Level 1:colcon.colcon_core.package_identification:_identify(/home/pi4/ros2_test) by extensions ['python_setup_py']
[3.290s] Level 1:colcon.colcon_core.package_identification:_identify(/home/pi4/ros2_test) by extension 'python_setup_py'
[3.292s] Level 1:colcon.colcon_core.package_identification:_identify(/home/pi4/ros2_test/build) by extensions ['ignore', 'ignore_ament_install']
[3.292s] Level 1:colcon.colcon_core.package_identification:_identify(/home/pi4/ros2_test/build) by extension 'ignore'
[3.293s] Level 1:colcon.colcon_core.package_identification:_identify(/home/pi4/ros2_test/build) ignored
[3.295s] Level 1:colcon.colcon_core.package_identification:_identify(/home/pi4/ros2_test/install) by extensions ['ignore', 'ignore_ament_install']
[3.295s] Level 1:colcon.colcon_core.package_identification:_identify(/home/pi4/ros2_test/install) by extension 'ignore'
[3.296s] Level 1:colcon.colcon_core.package_identification:_identify(/home/pi4/ros2_test/install) ignored
[3.297s] Level 1:colcon.colcon_core.package_identification:_identify(/home/pi4/ros2_test/log) by extensions ['ignore', 'ignore_ament_install']
[3.298s] Level 1:colcon.colcon_core.package_identification:_identify(/home/pi4/ros2_test/log) by extension 'ignore'
[3.298s] Level 1:colcon.colcon_core.package_identification:_identify(/home/pi4/ros2_test/log) ignored
[3.299s] Level 1:colcon.colcon_core.package_identification:_identify(/home/pi4/ros2_test/src) by extensions ['ignore', 'ignore_ament_install']
[3.300s] Level 1:colcon.colcon_core.package_identification:_identify(/home/pi4/ros2_test/src) by extension 'ignore'
[3.301s] Level 1:colcon.colcon_core.package_identification:_identify(/home/pi4/ros2_test/src) by extension 'ignore_ament_install'
[3.301s] Level 1:colcon.colcon_core.package_identification:_identify(/home/pi4/ros2_test/src) by extensions ['colcon_pkg']
[3.302s] Level 1:colcon.colcon_core.package_identification:_identify(/home/pi4/ros2_test/src) by extension 'colcon_pkg'
[3.302s] Level 1:colcon.colcon_core.package_identification:_identify(/home/pi4/ros2_test/src) by extensions ['colcon_meta']
[3.303s] Level 1:colcon.colcon_core.package_identification:_identify(/home/pi4/ros2_test/src) by extension 'colcon_meta'
[3.303s] Level 1:colcon.colcon_core.package_identification:_identify(/home/pi4/ros2_test/src) by extensions ['ros']
[3.303s] Level 1:colcon.colcon_core.package_identification:_identify(/home/pi4/ros2_test/src) by extension 'ros'
[3.304s] Level 1:colcon.colcon_core.package_identification:_identify(/home/pi4/ros2_test/src) by extensions ['cmake', 'python']
[3.304s] Level 1:colcon.colcon_core.package_identification:_identify(/home/pi4/ros2_test/src) by extension 'cmake'
[3.304s] Level 1:colcon.colcon_core.package_identification:_identify(/home/pi4/ros2_test/src) by extension 'python'
[3.305s] Level 1:colcon.colcon_core.package_identification:_identify(/home/pi4/ros2_test/src) by extensions ['python_setup_py']
[3.305s] Level 1:colcon.colcon_core.package_identification:_identify(/home/pi4/ros2_test/src) by extension 'python_setup_py'
[3.306s] Level 1:colcon.colcon_core.package_identification:_identify(/home/pi4/ros2_test/src/gpio_test) by extensions ['ignore', 'ignore_ament_install']
[3.307s] Level 1:colcon.colcon_core.package_identification:_identify(/home/pi4/ros2_test/src/gpio_test) by extension 'ignore'
[3.307s] Level 1:colcon.colcon_core.package_identification:_identify(/home/pi4/ros2_test/src/gpio_test) by extension 'ignore_ament_install'
[3.308s] Level 1:colcon.colcon_core.package_identification:_identify(/home/pi4/ros2_test/src/gpio_test) by extensions ['colcon_pkg']
[3.308s] Level 1:colcon.colcon_core.package_identification:_identify(/home/pi4/ros2_test/src/gpio_test) by extension 'colcon_pkg'
[3.309s] Level 1:colcon.colcon_core.package_identification:_identify(/home/pi4/ros2_test/src/gpio_test) by extensions ['colcon_meta']
[3.309s] Level 1:colcon.colcon_core.package_identification:_identify(/home/pi4/ros2_test/src/gpio_test) by extension 'colcon_meta'
[3.310s] Level 1:colcon.colcon_core.package_identification:_identify(/home/pi4/ros2_test/src/gpio_test) by extensions ['ros']
[3.310s] Level 1:colcon.colcon_core.package_identification:_identify(/home/pi4/ros2_test/src/gpio_test) by extension 'ros'
[3.327s] DEBUG:colcon.colcon_core.package_identification:Package '/home/pi4/ros2_test/src/gpio_test' with type 'ros.ament_cmake' and name 'gpio_test'
[3.327s] Level 1:colcon.colcon_core.package_discovery:discover_packages(recursive) using defaults
