[1.378s] DEBUG:colcon:Command line arguments: ['/bin/colcon', 'build', '--packages-select', 'gpio_test']
[1.380s] DEBUG:colcon:Parsed command line arguments: Namespace(allow_overriding=[], ament_cmake_args=None, base_paths=['.'], build_base='build', catkin_cmake_args=None, catkin_skip_building_tests=False, cmake_args=None, cmake_clean_cache=False, cmake_clean_first=False, cmake_force_configure=False, cmake_target=None, cmake_target_skip_unavailable=False, continue_on_error=False, event_handlers=None, executor='parallel', ignore_user_meta=False, install_base='install', log_base=None, log_level=None, main=<bound method BuildVerb.main of <colcon_core.verb.build.BuildVerb object at 0xffffae1c99d0>>, merge_install=False, metas=['./colcon.meta'], packages_above=None, packages_above_and_dependencies=None, packages_above_depth=None, packages_end=None, packages_ignore=None, packages_ignore_regex=None, packages_select=['gpio_test'], packages_select_build_failed=False, packages_select_by_dep=None, packages_select_regex=None, packages_select_test_failures=False, packages_skip=None, packages_skip_build_finished=False, packages_skip_by_dep=None, packages_skip_regex=None, packages_skip_test_passed=False, packages_skip_up_to=None, packages_start=None, packages_up_to=None, packages_up_to_regex=None, parallel_workers=4, paths=None, symlink_install=False, test_result_base=None, verb_extension=<colcon_core.verb.build.BuildVerb object at 0xffffae1c99d0>, verb_name='build', verb_parser=<colcon_defaults.argument_parser.defaults.DefaultArgumentsDecorator object at 0xffffae1c9f40>)
[1.531s] Level 1:colcon.colcon_core.package_discovery:discover_packages(colcon_meta) check parameters
[1.531s] Level 1:colcon.colcon_core.package_discovery:discover_packages(recursive) check parameters
[1.532s] Level 1:colcon.colcon_core.package_discovery:discover_packages(ignore) check parameters
[1.532s] Level 1:colcon.colcon_core.package_discovery:discover_packages(path) check parameters
[1.532s] Level 1:colcon.colcon_core.package_discovery:discover_packages(colcon_meta) discover
[1.533s] Level 1:colcon.colcon_core.package_discovery:discover_packages(recursive) discover
[1.533s] INFO:colcon.colcon_core.package_discovery:Crawling recursively for packages in '/home/pi4/ros2_test'
[1.534s] Level 1:colcon.colcon_core.package_identification:_identify(.) by extensions ['ignore', 'ignore_ament_install']
[1.535s] Level 1:colcon.colcon_core.package_identification:_identify(.) by extension 'ignore'
[1.535s] Level 1:colcon.colcon_core.package_identification:_identify(.) by extension 'ignore_ament_install'
[1.536s] Level 1:colcon.colcon_core.package_identification:_identify(.) by extensions ['colcon_pkg']
[1.536s] Level 1:colcon.colcon_core.package_identification:_identify(.) by extension 'colcon_pkg'
[1.536s] Level 1:colcon.colcon_core.package_identification:_identify(.) by extensions ['colcon_meta']
[1.536s] Level 1:colcon.colcon_core.package_identification:_identify(.) by extension 'colcon_meta'
[1.537s] Level 1:colcon.colcon_core.package_identification:_identify(.) by extensions ['ros']
[1.537s] Level 1:colcon.colcon_core.package_identification:_identify(.) by extension 'ros'
[1.595s] Level 1:colcon.colcon_core.package_identification:_identify(.) by extensions ['cmake', 'python']
[1.596s] Level 1:colcon.colcon_core.package_identification:_identify(.) by extension 'cmake'
[1.596s] Level 1:colcon.colcon_core.package_identification:_identify(.) by extension 'python'
[1.597s] Level 1:colcon.colcon_core.package_identification:_identify(.) by extensions ['python_setup_py']
[1.597s] Level 1:colcon.colcon_core.package_identification:_identify(.) by extension 'python_setup_py'
[1.598s] Level 1:colcon.colcon_core.package_identification:_identify(build) by extensions ['ignore', 'ignore_ament_install']
[1.599s] Level 1:colcon.colcon_core.package_identification:_identify(build) by extension 'ignore'
[1.599s] Level 1:colcon.colcon_core.package_identification:_identify(build) ignored
[1.600s] Level 1:colcon.colcon_core.package_identification:_identify(install) by extensions ['ignore', 'ignore_ament_install']
[1.601s] Level 1:colcon.colcon_core.package_identification:_identify(install) by extension 'ignore'
[1.601s] Level 1:colcon.colcon_core.package_identification:_identify(install) ignored
[1.603s] Level 1:colcon.colcon_core.package_identification:_identify(log) by extensions ['ignore', 'ignore_ament_install']
[1.603s] Level 1:colcon.colcon_core.package_identification:_identify(log) by extension 'ignore'
[1.604s] Level 1:colcon.colcon_core.package_identification:_identify(log) ignored
[1.604s] Level 1:colcon.colcon_core.package_identification:_identify(src) by extensions ['ignore', 'ignore_ament_install']
[1.605s] Level 1:colcon.colcon_core.package_identification:_identify(src) by extension 'ignore'
[1.605s] Level 1:colcon.colcon_core.package_identification:_identify(src) by extension 'ignore_ament_install'
[1.606s] Level 1:colcon.colcon_core.package_identification:_identify(src) by extensions ['colcon_pkg']
[1.606s] Level 1:colcon.colcon_core.package_identification:_identify(src) by extension 'colcon_pkg'
[1.606s] Level 1:colcon.colcon_core.package_identification:_identify(src) by extensions ['colcon_meta']
[1.607s] Level 1:colcon.colcon_core.package_identification:_identify(src) by extension 'colcon_meta'
[1.607s] Level 1:colcon.colcon_core.package_identification:_identify(src) by extensions ['ros']
[1.607s] Level 1:colcon.colcon_core.package_identification:_identify(src) by extension 'ros'
[1.608s] Level 1:colcon.colcon_core.package_identification:_identify(src) by extensions ['cmake', 'python']
[1.608s] Level 1:colcon.colcon_core.package_identification:_identify(src) by extension 'cmake'
[1.608s] Level 1:colcon.colcon_core.package_identification:_identify(src) by extension 'python'
[1.609s] Level 1:colcon.colcon_core.package_identification:_identify(src) by extensions ['python_setup_py']
[1.609s] Level 1:colcon.colcon_core.package_identification:_identify(src) by extension 'python_setup_py'
[1.610s] Level 1:colcon.colcon_core.package_identification:_identify(src/gpio_test) by extensions ['ignore', 'ignore_ament_install']
[1.610s] Level 1:colcon.colcon_core.package_identification:_identify(src/gpio_test) by extension 'ignore'
[1.611s] Level 1:colcon.colcon_core.package_identification:_identify(src/gpio_test) by extension 'ignore_ament_install'
[1.611s] Level 1:colcon.colcon_core.package_identification:_identify(src/gpio_test) by extensions ['colcon_pkg']
[1.611s] Level 1:colcon.colcon_core.package_identification:_identify(src/gpio_test) by extension 'colcon_pkg'
[1.612s] Level 1:colcon.colcon_core.package_identification:_identify(src/gpio_test) by extensions ['colcon_meta']
[1.612s] Level 1:colcon.colcon_core.package_identification:_identify(src/gpio_test) by extension 'colcon_meta'
[1.612s] Level 1:colcon.colcon_core.package_identification:_identify(src/gpio_test) by extensions ['ros']
[1.612s] Level 1:colcon.colcon_core.package_identification:_identify(src/gpio_test) by extension 'ros'
[1.622s] DEBUG:colcon.colcon_core.package_identification:Package 'src/gpio_test' with type 'ros.ament_cmake' and name 'gpio_test'
[1.623s] Level 1:colcon.colcon_core.package_discovery:discover_packages(recursive) using defaults
[1.623s] Level 1:colcon.colcon_core.package_discovery:discover_packages(ignore) discover
[1.623s] Level 1:colcon.colcon_core.package_discovery:discover_packages(ignore) using defaults
[1.623s] Level 1:colcon.colcon_core.package_discovery:discover_packages(path) discover
[1.624s] Level 1:colcon.colcon_core.package_discovery:discover_packages(path) using defaults
[1.760s] Level 1:colcon.colcon_core.package_discovery:discover_packages(prefix_path) check parameters
[1.760s] Level 1:colcon.colcon_core.package_discovery:discover_packages(prefix_path) discover
[1.774s] DEBUG:colcon.colcon_installed_package_information.package_discovery:Found 1 installed packages in /home/pi4/ros2_test/install
[1.785s] DEBUG:colcon.colcon_installed_package_information.package_discovery:Found 264 installed packages in /opt/ros/foxy
[1.792s] Level 1:colcon.colcon_core.package_discovery:discover_packages(prefix_path) using defaults
[2.263s] Level 5:colcon.colcon_core.verb:set package 'gpio_test' build argument 'cmake_args' from command line to 'None'
[2.264s] Level 5:colcon.colcon_core.verb:set package 'gpio_test' build argument 'cmake_target' from command line to 'None'
[2.265s] Level 5:colcon.colcon_core.verb:set package 'gpio_test' build argument 'cmake_target_skip_unavailable' from command line to 'False'
[2.265s] Level 5:colcon.colcon_core.verb:set package 'gpio_test' build argument 'cmake_clean_cache' from command line to 'False'
[2.266s] Level 5:colcon.colcon_core.verb:set package 'gpio_test' build argument 'cmake_clean_first' from command line to 'False'
[2.266s] Level 5:colcon.colcon_core.verb:set package 'gpio_test' build argument 'cmake_force_configure' from command line to 'False'
[2.267s] Level 5:colcon.colcon_core.verb:set package 'gpio_test' build argument 'ament_cmake_args' from command line to 'None'
[2.268s] Level 5:colcon.colcon_core.verb:set package 'gpio_test' build argument 'catkin_cmake_args' from command line to 'None'
[2.268s] Level 5:colcon.colcon_core.verb:set package 'gpio_test' build argument 'catkin_skip_building_tests' from command line to 'False'
[2.269s] DEBUG:colcon.colcon_core.verb:Building package 'gpio_test' with the following arguments: {'ament_cmake_args': None, 'build_base': '/home/pi4/ros2_test/build/gpio_test', 'catkin_cmake_args': None, 'catkin_skip_building_tests': False, 'cmake_args': None, 'cmake_clean_cache': False, 'cmake_clean_first': False, 'cmake_force_configure': False, 'cmake_target': None, 'cmake_target_skip_unavailable': False, 'install_base': '/home/pi4/ros2_test/install/gpio_test', 'merge_install': False, 'path': '/home/pi4/ros2_test/src/gpio_test', 'symlink_install': False, 'test_result_base': None}
[2.273s] INFO:colcon.colcon_core.executor:Executing jobs using 'parallel' executor
[2.297s] DEBUG:colcon.colcon_parallel_executor.executor.parallel:run_until_complete
[2.299s] INFO:colcon.colcon_ros.task.ament_cmake.build:Building ROS package in '/home/pi4/ros2_test/src/gpio_test' with build type 'ament_cmake'
[2.300s] INFO:colcon.colcon_cmake.task.cmake.build:Building CMake package in '/home/pi4/ros2_test/src/gpio_test'
[2.331s] INFO:colcon.colcon_core.plugin_system:Skipping extension 'colcon_core.shell.bat': Not used on non-Windows systems
[2.333s] INFO:colcon.colcon_core.shell:Skip shell extension 'powershell' for command environment: Not usable outside of PowerShell
[2.333s] DEBUG:colcon.colcon_core.shell:Skip shell extension 'dsv' for command environment
[2.428s] DEBUG:colcon.colcon_core.event_handler.log_command:Invoking command in '/home/pi4/ros2_test/build/gpio_test': CMAKE_PREFIX_PATH=${CMAKE_PREFIX_PATH}:/opt/ros/foxy /bin/cmake --build /home/pi4/ros2_test/build/gpio_test -- -j4 -l4
[19.846s] DEBUG:colcon.colcon_core.event_handler.log_command:Invoked command in '/home/pi4/ros2_test/build/gpio_test' returned '0': CMAKE_PREFIX_PATH=${CMAKE_PREFIX_PATH}:/opt/ros/foxy /bin/cmake --build /home/pi4/ros2_test/build/gpio_test -- -j4 -l4
[20.077s] DEBUG:colcon.colcon_core.event_handler.log_command:Invoking command in '/home/pi4/ros2_test/build/gpio_test': CMAKE_PREFIX_PATH=${CMAKE_PREFIX_PATH}:/opt/ros/foxy /bin/cmake --install /home/pi4/ros2_test/build/gpio_test
[20.144s] Level 1:colcon.colcon_core.environment:create_environment_scripts_only(gpio_test)
[20.164s] DEBUG:colcon.colcon_core.event_handler.log_command:Invoked command in '/home/pi4/ros2_test/build/gpio_test' returned '0': CMAKE_PREFIX_PATH=${CMAKE_PREFIX_PATH}:/opt/ros/foxy /bin/cmake --install /home/pi4/ros2_test/build/gpio_test
[20.194s] Level 1:colcon.colcon_core.environment:checking '/home/pi4/ros2_test/install/gpio_test' for CMake module files
[20.197s] Level 1:colcon.colcon_core.environment:checking '/home/pi4/ros2_test/install/gpio_test' for CMake config files
[20.199s] Level 1:colcon.colcon_core.shell:create_environment_hook('gpio_test', 'cmake_prefix_path')
[20.205s] INFO:colcon.colcon_core.shell:Creating environment hook '/home/pi4/ros2_test/install/gpio_test/share/gpio_test/hook/cmake_prefix_path.ps1'
[20.209s] INFO:colcon.colcon_core.shell:Creating environment descriptor '/home/pi4/ros2_test/install/gpio_test/share/gpio_test/hook/cmake_prefix_path.dsv'
[20.211s] INFO:colcon.colcon_core.shell:Creating environment hook '/home/pi4/ros2_test/install/gpio_test/share/gpio_test/hook/cmake_prefix_path.sh'
[20.217s] Level 1:colcon.colcon_core.environment:checking '/home/pi4/ros2_test/install/gpio_test/lib'
[20.219s] Level 1:colcon.colcon_core.environment:checking '/home/pi4/ros2_test/install/gpio_test/bin'
[20.219s] Level 1:colcon.colcon_core.environment:checking '/home/pi4/ros2_test/install/gpio_test/lib/pkgconfig/gpio_test.pc'
[20.221s] Level 1:colcon.colcon_core.environment:checking '/home/pi4/ros2_test/install/gpio_test/lib/python3.8/site-packages'
[20.222s] Level 1:colcon.colcon_core.environment:checking '/home/pi4/ros2_test/install/gpio_test/bin'
[20.228s] INFO:colcon.colcon_core.shell:Creating package script '/home/pi4/ros2_test/install/gpio_test/share/gpio_test/package.ps1'
[20.232s] INFO:colcon.colcon_core.shell:Creating package descriptor '/home/pi4/ros2_test/install/gpio_test/share/gpio_test/package.dsv'
[20.235s] INFO:colcon.colcon_core.shell:Creating package script '/home/pi4/ros2_test/install/gpio_test/share/gpio_test/package.sh'
[20.239s] INFO:colcon.colcon_core.shell:Creating package script '/home/pi4/ros2_test/install/gpio_test/share/gpio_test/package.bash'
[20.244s] INFO:colcon.colcon_core.shell:Creating package script '/home/pi4/ros2_test/install/gpio_test/share/gpio_test/package.zsh'
[20.251s] Level 1:colcon.colcon_core.environment:create_file_with_runtime_dependencies(/home/pi4/ros2_test/install/gpio_test/share/colcon-core/packages/gpio_test)
[20.401s] Level 1:colcon.colcon_core.environment:create_environment_scripts_only(gpio_test)
[20.412s] Level 1:colcon.colcon_core.environment:checking '/home/pi4/ros2_test/install/gpio_test' for CMake module files
[20.415s] Level 1:colcon.colcon_core.environment:checking '/home/pi4/ros2_test/install/gpio_test' for CMake config files
[20.417s] Level 1:colcon.colcon_core.shell:create_environment_hook('gpio_test', 'cmake_prefix_path')
[20.424s] INFO:colcon.colcon_core.shell:Creating environment hook '/home/pi4/ros2_test/install/gpio_test/share/gpio_test/hook/cmake_prefix_path.ps1'
[20.427s] INFO:colcon.colcon_core.shell:Creating environment descriptor '/home/pi4/ros2_test/install/gpio_test/share/gpio_test/hook/cmake_prefix_path.dsv'
[20.429s] INFO:colcon.colcon_core.shell:Creating environment hook '/home/pi4/ros2_test/install/gpio_test/share/gpio_test/hook/cmake_prefix_path.sh'
[20.432s] Level 1:colcon.colcon_core.environment:checking '/home/pi4/ros2_test/install/gpio_test/lib'
[20.433s] Level 1:colcon.colcon_core.environment:checking '/home/pi4/ros2_test/install/gpio_test/bin'
[20.433s] Level 1:colcon.colcon_core.environment:checking '/home/pi4/ros2_test/install/gpio_test/lib/pkgconfig/gpio_test.pc'
[20.434s] Level 1:colcon.colcon_core.environment:checking '/home/pi4/ros2_test/install/gpio_test/lib/python3.8/site-packages'
[20.435s] Level 1:colcon.colcon_core.environment:checking '/home/pi4/ros2_test/install/gpio_test/bin'
[20.442s] INFO:colcon.colcon_core.shell:Creating package script '/home/pi4/ros2_test/install/gpio_test/share/gpio_test/package.ps1'
[20.445s] INFO:colcon.colcon_core.shell:Creating package descriptor '/home/pi4/ros2_test/install/gpio_test/share/gpio_test/package.dsv'
[20.450s] INFO:colcon.colcon_core.shell:Creating package script '/home/pi4/ros2_test/install/gpio_test/share/gpio_test/package.sh'
[20.454s] INFO:colcon.colcon_core.shell:Creating package script '/home/pi4/ros2_test/install/gpio_test/share/gpio_test/package.bash'
[20.457s] INFO:colcon.colcon_core.shell:Creating package script '/home/pi4/ros2_test/install/gpio_test/share/gpio_test/package.zsh'
[20.459s] Level 1:colcon.colcon_core.environment:create_file_with_runtime_dependencies(/home/pi4/ros2_test/install/gpio_test/share/colcon-core/packages/gpio_test)
[20.461s] DEBUG:colcon.colcon_parallel_executor.executor.parallel:closing loop
[20.462s] DEBUG:colcon.colcon_parallel_executor.executor.parallel:loop closed
[20.463s] DEBUG:colcon.colcon_parallel_executor.executor.parallel:run_until_complete finished with '0'
[20.464s] DEBUG:colcon.colcon_core.event_reactor:joining thread
[20.506s] INFO:colcon.colcon_core.plugin_system:Skipping extension 'colcon_notification.desktop_notification.terminal_notifier': Not used on non-Darwin systems
[20.506s] INFO:colcon.colcon_core.plugin_system:Skipping extension 'colcon_notification.desktop_notification.win32': Not used on non-Windows systems
[20.507s] INFO:colcon.colcon_notification.desktop_notification:Sending desktop notification using 'notify2'
[20.594s] DEBUG:colcon.colcon_core.event_reactor:joined thread
[20.602s] INFO:colcon.colcon_core.shell:Creating prefix script '/home/pi4/ros2_test/install/local_setup.ps1'
[20.608s] INFO:colcon.colcon_core.shell:Creating prefix util module '/home/pi4/ros2_test/install/_local_setup_util_ps1.py'
[20.617s] INFO:colcon.colcon_core.shell:Creating prefix chain script '/home/pi4/ros2_test/install/setup.ps1'
[20.624s] INFO:colcon.colcon_core.shell:Creating prefix script '/home/pi4/ros2_test/install/local_setup.sh'
[20.627s] INFO:colcon.colcon_core.shell:Creating prefix util module '/home/pi4/ros2_test/install/_local_setup_util_sh.py'
[20.630s] INFO:colcon.colcon_core.shell:Creating prefix chain script '/home/pi4/ros2_test/install/setup.sh'
[20.638s] INFO:colcon.colcon_core.shell:Creating prefix script '/home/pi4/ros2_test/install/local_setup.bash'
[20.641s] INFO:colcon.colcon_core.shell:Creating prefix chain script '/home/pi4/ros2_test/install/setup.bash'
[20.648s] INFO:colcon.colcon_core.shell:Creating prefix script '/home/pi4/ros2_test/install/local_setup.zsh'
[20.651s] INFO:colcon.colcon_core.shell:Creating prefix chain script '/home/pi4/ros2_test/install/setup.zsh'
