[0.685s] DEBUG:colcon:Command line arguments: ['/bin/colcon', 'build', '--packages-select', 'gpio_test']
[0.685s] DEBUG:colcon:Parsed command line arguments: Namespace(allow_overriding=[], ament_cmake_args=None, base_paths=['.'], build_base='build', catkin_cmake_args=None, catkin_skip_building_tests=False, cmake_args=None, cmake_clean_cache=False, cmake_clean_first=False, cmake_force_configure=False, cmake_target=None, cmake_target_skip_unavailable=False, continue_on_error=False, event_handlers=None, executor='parallel', ignore_user_meta=False, install_base='install', log_base=None, log_level=None, main=<bound method BuildVerb.main of <colcon_core.verb.build.BuildVerb object at 0xffff7e8458e0>>, merge_install=False, metas=['./colcon.meta'], packages_above=None, packages_above_and_dependencies=None, packages_above_depth=None, packages_end=None, packages_ignore=None, packages_ignore_regex=None, packages_select=['gpio_test'], packages_select_build_failed=False, packages_select_by_dep=None, packages_select_regex=None, packages_select_test_failures=False, packages_skip=None, packages_skip_build_finished=False, packages_skip_by_dep=None, packages_skip_regex=None, packages_skip_test_passed=False, packages_skip_up_to=None, packages_start=None, packages_up_to=None, packages_up_to_regex=None, parallel_workers=4, paths=None, symlink_install=False, test_result_base=None, verb_extension=<colcon_core.verb.build.BuildVerb object at 0xffff7e8458e0>, verb_name='build', verb_parser=<colcon_defaults.argument_parser.defaults.DefaultArgumentsDecorator object at 0xffff7e845e50>)
[0.794s] Level 1:colcon.colcon_core.package_discovery:discover_packages(colcon_meta) check parameters
[0.794s] Level 1:colcon.colcon_core.package_discovery:discover_packages(recursive) check parameters
[0.795s] Level 1:colcon.colcon_core.package_discovery:discover_packages(ignore) check parameters
[0.795s] Level 1:colcon.colcon_core.package_discovery:discover_packages(path) check parameters
[0.795s] Level 1:colcon.colcon_core.package_discovery:discover_packages(colcon_meta) discover
[0.796s] Level 1:colcon.colcon_core.package_discovery:discover_packages(recursive) discover
[0.796s] INFO:colcon.colcon_core.package_discovery:Crawling recursively for packages in '/home/pi4/ros2_test'
[0.796s] Level 1:colcon.colcon_core.package_identification:_identify(.) by extensions ['ignore', 'ignore_ament_install']
[0.797s] Level 1:colcon.colcon_core.package_identification:_identify(.) by extension 'ignore'
[0.797s] Level 1:colcon.colcon_core.package_identification:_identify(.) by extension 'ignore_ament_install'
[0.797s] Level 1:colcon.colcon_core.package_identification:_identify(.) by extensions ['colcon_pkg']
[0.797s] Level 1:colcon.colcon_core.package_identification:_identify(.) by extension 'colcon_pkg'
[0.798s] Level 1:colcon.colcon_core.package_identification:_identify(.) by extensions ['colcon_meta']
[0.798s] Level 1:colcon.colcon_core.package_identification:_identify(.) by extension 'colcon_meta'
[0.798s] Level 1:colcon.colcon_core.package_identification:_identify(.) by extensions ['ros']
[0.798s] Level 1:colcon.colcon_core.package_identification:_identify(.) by extension 'ros'
[0.848s] Level 1:colcon.colcon_core.package_identification:_identify(.) by extensions ['cmake', 'python']
[0.849s] Level 1:colcon.colcon_core.package_identification:_identify(.) by extension 'cmake'
[0.849s] Level 1:colcon.colcon_core.package_identification:_identify(.) by extension 'python'
[0.850s] Level 1:colcon.colcon_core.package_identification:_identify(.) by extensions ['python_setup_py']
[0.850s] Level 1:colcon.colcon_core.package_identification:_identify(.) by extension 'python_setup_py'
[0.851s] Level 1:colcon.colcon_core.package_identification:_identify(build) by extensions ['ignore', 'ignore_ament_install']
[0.851s] Level 1:colcon.colcon_core.package_identification:_identify(build) by extension 'ignore'
[0.852s] Level 1:colcon.colcon_core.package_identification:_identify(build) ignored
[0.853s] Level 1:colcon.colcon_core.package_identification:_identify(install) by extensions ['ignore', 'ignore_ament_install']
[0.853s] Level 1:colcon.colcon_core.package_identification:_identify(install) by extension 'ignore'
[0.853s] Level 1:colcon.colcon_core.package_identification:_identify(install) ignored
[0.855s] Level 1:colcon.colcon_core.package_identification:_identify(log) by extensions ['ignore', 'ignore_ament_install']
[0.858s] Level 1:colcon.colcon_core.package_identification:_identify(log) by extension 'ignore'
[0.858s] Level 1:colcon.colcon_core.package_identification:_identify(log) ignored
[0.859s] Level 1:colcon.colcon_core.package_identification:_identify(src) by extensions ['ignore', 'ignore_ament_install']
[0.860s] Level 1:colcon.colcon_core.package_identification:_identify(src) by extension 'ignore'
[0.860s] Level 1:colcon.colcon_core.package_identification:_identify(src) by extension 'ignore_ament_install'
[0.861s] Level 1:colcon.colcon_core.package_identification:_identify(src) by extensions ['colcon_pkg']
[0.861s] Level 1:colcon.colcon_core.package_identification:_identify(src) by extension 'colcon_pkg'
[0.861s] Level 1:colcon.colcon_core.package_identification:_identify(src) by extensions ['colcon_meta']
[0.861s] Level 1:colcon.colcon_core.package_identification:_identify(src) by extension 'colcon_meta'
[0.861s] Level 1:colcon.colcon_core.package_identification:_identify(src) by extensions ['ros']
[0.861s] Level 1:colcon.colcon_core.package_identification:_identify(src) by extension 'ros'
[0.862s] Level 1:colcon.colcon_core.package_identification:_identify(src) by extensions ['cmake', 'python']
[0.862s] Level 1:colcon.colcon_core.package_identification:_identify(src) by extension 'cmake'
[0.862s] Level 1:colcon.colcon_core.package_identification:_identify(src) by extension 'python'
[0.863s] Level 1:colcon.colcon_core.package_identification:_identify(src) by extensions ['python_setup_py']
[0.863s] Level 1:colcon.colcon_core.package_identification:_identify(src) by extension 'python_setup_py'
[0.864s] Level 1:colcon.colcon_core.package_identification:_identify(src/gpio_test) by extensions ['ignore', 'ignore_ament_install']
[0.864s] Level 1:colcon.colcon_core.package_identification:_identify(src/gpio_test) by extension 'ignore'
[0.865s] Level 1:colcon.colcon_core.package_identification:_identify(src/gpio_test) by extension 'ignore_ament_install'
[0.865s] Level 1:colcon.colcon_core.package_identification:_identify(src/gpio_test) by extensions ['colcon_pkg']
[0.865s] Level 1:colcon.colcon_core.package_identification:_identify(src/gpio_test) by extension 'colcon_pkg'
[0.865s] Level 1:colcon.colcon_core.package_identification:_identify(src/gpio_test) by extensions ['colcon_meta']
[0.866s] Level 1:colcon.colcon_core.package_identification:_identify(src/gpio_test) by extension 'colcon_meta'
[0.866s] Level 1:colcon.colcon_core.package_identification:_identify(src/gpio_test) by extensions ['ros']
[0.866s] Level 1:colcon.colcon_core.package_identification:_identify(src/gpio_test) by extension 'ros'
[0.875s] DEBUG:colcon.colcon_core.package_identification:Package 'src/gpio_test' with type 'ros.ament_cmake' and name 'gpio_test'
[0.875s] Level 1:colcon.colcon_core.package_discovery:discover_packages(recursive) using defaults
[0.876s] Level 1:colcon.colcon_core.package_discovery:discover_packages(ignore) discover
[0.876s] Level 1:colcon.colcon_core.package_discovery:discover_packages(ignore) using defaults
[0.876s] Level 1:colcon.colcon_core.package_discovery:discover_packages(path) discover
[0.876s] Level 1:colcon.colcon_core.package_discovery:discover_packages(path) using defaults
[1.004s] Level 1:colcon.colcon_core.package_discovery:discover_packages(prefix_path) check parameters
[1.004s] Level 1:colcon.colcon_core.package_discovery:discover_packages(prefix_path) discover
[1.016s] DEBUG:colcon.colcon_installed_package_information.package_discovery:Found 1 installed packages in /home/pi4/ros2_test/install
[1.026s] DEBUG:colcon.colcon_installed_package_information.package_discovery:Found 264 installed packages in /opt/ros/foxy
[1.033s] Level 1:colcon.colcon_core.package_discovery:discover_packages(prefix_path) using defaults
[1.381s] Level 5:colcon.colcon_core.verb:set package 'gpio_test' build argument 'cmake_args' from command line to 'None'
[1.382s] Level 5:colcon.colcon_core.verb:set package 'gpio_test' build argument 'cmake_target' from command line to 'None'
[1.382s] Level 5:colcon.colcon_core.verb:set package 'gpio_test' build argument 'cmake_target_skip_unavailable' from command line to 'False'
[1.382s] Level 5:colcon.colcon_core.verb:set package 'gpio_test' build argument 'cmake_clean_cache' from command line to 'False'
[1.382s] Level 5:colcon.colcon_core.verb:set package 'gpio_test' build argument 'cmake_clean_first' from command line to 'False'
[1.383s] Level 5:colcon.colcon_core.verb:set package 'gpio_test' build argument 'cmake_force_configure' from command line to 'False'
[1.383s] Level 5:colcon.colcon_core.verb:set package 'gpio_test' build argument 'ament_cmake_args' from command line to 'None'
[1.383s] Level 5:colcon.colcon_core.verb:set package 'gpio_test' build argument 'catkin_cmake_args' from command line to 'None'
[1.383s] Level 5:colcon.colcon_core.verb:set package 'gpio_test' build argument 'catkin_skip_building_tests' from command line to 'False'
[1.383s] DEBUG:colcon.colcon_core.verb:Building package 'gpio_test' with the following arguments: {'ament_cmake_args': None, 'build_base': '/home/pi4/ros2_test/build/gpio_test', 'catkin_cmake_args': None, 'catkin_skip_building_tests': False, 'cmake_args': None, 'cmake_clean_cache': False, 'cmake_clean_first': False, 'cmake_force_configure': False, 'cmake_target': None, 'cmake_target_skip_unavailable': False, 'install_base': '/home/pi4/ros2_test/install/gpio_test', 'merge_install': False, 'path': '/home/pi4/ros2_test/src/gpio_test', 'symlink_install': False, 'test_result_base': None}
[1.386s] INFO:colcon.colcon_core.executor:Executing jobs using 'parallel' executor
[1.403s] DEBUG:colcon.colcon_parallel_executor.executor.parallel:run_until_complete
[1.404s] INFO:colcon.colcon_ros.task.ament_cmake.build:Building ROS package in '/home/pi4/ros2_test/src/gpio_test' with build type 'ament_cmake'
[1.404s] INFO:colcon.colcon_cmake.task.cmake.build:Building CMake package in '/home/pi4/ros2_test/src/gpio_test'
[1.427s] INFO:colcon.colcon_core.plugin_system:Skipping extension 'colcon_core.shell.bat': Not used on non-Windows systems
[1.428s] INFO:colcon.colcon_core.shell:Skip shell extension 'powershell' for command environment: Not usable outside of PowerShell
[1.429s] DEBUG:colcon.colcon_core.shell:Skip shell extension 'dsv' for command environment
[1.519s] DEBUG:colcon.colcon_core.event_handler.log_command:Invoking command in '/home/pi4/ros2_test/build/gpio_test': CMAKE_PREFIX_PATH=${CMAKE_PREFIX_PATH}:/opt/ros/foxy /bin/cmake --build /home/pi4/ros2_test/build/gpio_test -- -j4 -l4
[5.513s] DEBUG:colcon.colcon_core.event_handler.log_command:Invoked command in '/home/pi4/ros2_test/build/gpio_test' returned '0': CMAKE_PREFIX_PATH=${CMAKE_PREFIX_PATH}:/opt/ros/foxy /bin/cmake --build /home/pi4/ros2_test/build/gpio_test -- -j4 -l4
[5.695s] DEBUG:colcon.colcon_core.event_handler.log_command:Invoking command in '/home/pi4/ros2_test/build/gpio_test': CMAKE_PREFIX_PATH=${CMAKE_PREFIX_PATH}:/opt/ros/foxy /bin/cmake --install /home/pi4/ros2_test/build/gpio_test
[5.755s] Level 1:colcon.colcon_core.environment:create_environment_scripts_only(gpio_test)
[5.762s] DEBUG:colcon.colcon_core.event_handler.log_command:Invoked command in '/home/pi4/ros2_test/build/gpio_test' returned '0': CMAKE_PREFIX_PATH=${CMAKE_PREFIX_PATH}:/opt/ros/foxy /bin/cmake --install /home/pi4/ros2_test/build/gpio_test
[5.797s] Level 1:colcon.colcon_core.environment:checking '/home/pi4/ros2_test/install/gpio_test' for CMake module files
[5.801s] Level 1:colcon.colcon_core.environment:checking '/home/pi4/ros2_test/install/gpio_test' for CMake config files
[5.803s] Level 1:colcon.colcon_core.shell:create_environment_hook('gpio_test', 'cmake_prefix_path')
[5.808s] INFO:colcon.colcon_core.shell:Creating environment hook '/home/pi4/ros2_test/install/gpio_test/share/gpio_test/hook/cmake_prefix_path.ps1'
[5.810s] INFO:colcon.colcon_core.shell:Creating environment descriptor '/home/pi4/ros2_test/install/gpio_test/share/gpio_test/hook/cmake_prefix_path.dsv'
[5.813s] INFO:colcon.colcon_core.shell:Creating environment hook '/home/pi4/ros2_test/install/gpio_test/share/gpio_test/hook/cmake_prefix_path.sh'
[5.816s] Level 1:colcon.colcon_core.environment:checking '/home/pi4/ros2_test/install/gpio_test/lib'
[5.817s] Level 1:colcon.colcon_core.environment:checking '/home/pi4/ros2_test/install/gpio_test/bin'
[5.817s] Level 1:colcon.colcon_core.environment:checking '/home/pi4/ros2_test/install/gpio_test/lib/pkgconfig/gpio_test.pc'
[5.818s] Level 1:colcon.colcon_core.environment:checking '/home/pi4/ros2_test/install/gpio_test/lib/python3.8/site-packages'
[5.819s] Level 1:colcon.colcon_core.environment:checking '/home/pi4/ros2_test/install/gpio_test/bin'
[5.824s] INFO:colcon.colcon_core.shell:Creating package script '/home/pi4/ros2_test/install/gpio_test/share/gpio_test/package.ps1'
[5.828s] INFO:colcon.colcon_core.shell:Creating package descriptor '/home/pi4/ros2_test/install/gpio_test/share/gpio_test/package.dsv'
[5.830s] INFO:colcon.colcon_core.shell:Creating package script '/home/pi4/ros2_test/install/gpio_test/share/gpio_test/package.sh'
[5.833s] INFO:colcon.colcon_core.shell:Creating package script '/home/pi4/ros2_test/install/gpio_test/share/gpio_test/package.bash'
[5.837s] INFO:colcon.colcon_core.shell:Creating package script '/home/pi4/ros2_test/install/gpio_test/share/gpio_test/package.zsh'
[5.840s] Level 1:colcon.colcon_core.environment:create_file_with_runtime_dependencies(/home/pi4/ros2_test/install/gpio_test/share/colcon-core/packages/gpio_test)
[5.980s] Level 1:colcon.colcon_core.environment:create_environment_scripts_only(gpio_test)
[5.990s] Level 1:colcon.colcon_core.environment:checking '/home/pi4/ros2_test/install/gpio_test' for CMake module files
[5.993s] Level 1:colcon.colcon_core.environment:checking '/home/pi4/ros2_test/install/gpio_test' for CMake config files
[5.994s] Level 1:colcon.colcon_core.shell:create_environment_hook('gpio_test', 'cmake_prefix_path')
[6.004s] INFO:colcon.colcon_core.shell:Creating environment hook '/home/pi4/ros2_test/install/gpio_test/share/gpio_test/hook/cmake_prefix_path.ps1'
[6.007s] INFO:colcon.colcon_core.shell:Creating environment descriptor '/home/pi4/ros2_test/install/gpio_test/share/gpio_test/hook/cmake_prefix_path.dsv'
[6.009s] INFO:colcon.colcon_core.shell:Creating environment hook '/home/pi4/ros2_test/install/gpio_test/share/gpio_test/hook/cmake_prefix_path.sh'
[6.012s] Level 1:colcon.colcon_core.environment:checking '/home/pi4/ros2_test/install/gpio_test/lib'
[6.013s] Level 1:colcon.colcon_core.environment:checking '/home/pi4/ros2_test/install/gpio_test/bin'
[6.014s] Level 1:colcon.colcon_core.environment:checking '/home/pi4/ros2_test/install/gpio_test/lib/pkgconfig/gpio_test.pc'
[6.015s] Level 1:colcon.colcon_core.environment:checking '/home/pi4/ros2_test/install/gpio_test/lib/python3.8/site-packages'
[6.016s] Level 1:colcon.colcon_core.environment:checking '/home/pi4/ros2_test/install/gpio_test/bin'
[6.023s] INFO:colcon.colcon_core.shell:Creating package script '/home/pi4/ros2_test/install/gpio_test/share/gpio_test/package.ps1'
[6.025s] INFO:colcon.colcon_core.shell:Creating package descriptor '/home/pi4/ros2_test/install/gpio_test/share/gpio_test/package.dsv'
[6.027s] INFO:colcon.colcon_core.shell:Creating package script '/home/pi4/ros2_test/install/gpio_test/share/gpio_test/package.sh'
[6.029s] INFO:colcon.colcon_core.shell:Creating package script '/home/pi4/ros2_test/install/gpio_test/share/gpio_test/package.bash'
[6.031s] INFO:colcon.colcon_core.shell:Creating package script '/home/pi4/ros2_test/install/gpio_test/share/gpio_test/package.zsh'
[6.033s] Level 1:colcon.colcon_core.environment:create_file_with_runtime_dependencies(/home/pi4/ros2_test/install/gpio_test/share/colcon-core/packages/gpio_test)
[6.035s] DEBUG:colcon.colcon_parallel_executor.executor.parallel:closing loop
[6.036s] DEBUG:colcon.colcon_parallel_executor.executor.parallel:loop closed
[6.037s] DEBUG:colcon.colcon_parallel_executor.executor.parallel:run_until_complete finished with '0'
[6.037s] DEBUG:colcon.colcon_core.event_reactor:joining thread
[6.066s] INFO:colcon.colcon_core.plugin_system:Skipping extension 'colcon_notification.desktop_notification.terminal_notifier': Not used on non-Darwin systems
[6.067s] INFO:colcon.colcon_core.plugin_system:Skipping extension 'colcon_notification.desktop_notification.win32': Not used on non-Windows systems
[6.067s] INFO:colcon.colcon_notification.desktop_notification:Sending desktop notification using 'notify2'
[6.143s] DEBUG:colcon.colcon_core.event_reactor:joined thread
[6.150s] INFO:colcon.colcon_core.shell:Creating prefix script '/home/pi4/ros2_test/install/local_setup.ps1'
[6.156s] INFO:colcon.colcon_core.shell:Creating prefix util module '/home/pi4/ros2_test/install/_local_setup_util_ps1.py'
[6.166s] INFO:colcon.colcon_core.shell:Creating prefix chain script '/home/pi4/ros2_test/install/setup.ps1'
[6.203s] INFO:colcon.colcon_core.shell:Creating prefix script '/home/pi4/ros2_test/install/local_setup.sh'
[6.208s] INFO:colcon.colcon_core.shell:Creating prefix util module '/home/pi4/ros2_test/install/_local_setup_util_sh.py'
[6.211s] INFO:colcon.colcon_core.shell:Creating prefix chain script '/home/pi4/ros2_test/install/setup.sh'
[6.219s] INFO:colcon.colcon_core.shell:Creating prefix script '/home/pi4/ros2_test/install/local_setup.bash'
[6.222s] INFO:colcon.colcon_core.shell:Creating prefix chain script '/home/pi4/ros2_test/install/setup.bash'
[6.228s] INFO:colcon.colcon_core.shell:Creating prefix script '/home/pi4/ros2_test/install/local_setup.zsh'
[6.231s] INFO:colcon.colcon_core.shell:Creating prefix chain script '/home/pi4/ros2_test/install/setup.zsh'
