[0.945s] DEBUG:colcon:Command line arguments: ['/bin/colcon', 'build', '--packages-select', 'gpio_test']
[0.946s] DEBUG:colcon:Parsed command line arguments: Namespace(allow_overriding=[], ament_cmake_args=None, base_paths=['.'], build_base='build', catkin_cmake_args=None, catkin_skip_building_tests=False, cmake_args=None, cmake_clean_cache=False, cmake_clean_first=False, cmake_force_configure=False, cmake_target=None, cmake_target_skip_unavailable=False, continue_on_error=False, event_handlers=None, executor='parallel', ignore_user_meta=False, install_base='install', log_base=None, log_level=None, main=<bound method BuildVerb.main of <colcon_core.verb.build.BuildVerb object at 0xffffa83fb7f0>>, merge_install=False, metas=['./colcon.meta'], packages_above=None, packages_above_and_dependencies=None, packages_above_depth=None, packages_end=None, packages_ignore=None, packages_ignore_regex=None, packages_select=['gpio_test'], packages_select_build_failed=False, packages_select_by_dep=None, packages_select_regex=None, packages_select_test_failures=False, packages_skip=None, packages_skip_build_finished=False, packages_skip_by_dep=None, packages_skip_regex=None, packages_skip_test_passed=False, packages_skip_up_to=None, packages_start=None, packages_up_to=None, packages_up_to_regex=None, parallel_workers=4, paths=None, symlink_install=False, test_result_base=None, verb_extension=<colcon_core.verb.build.BuildVerb object at 0xffffa83fb7f0>, verb_name='build', verb_parser=<colcon_defaults.argument_parser.defaults.DefaultArgumentsDecorator object at 0xffffa83fbd60>)
[1.103s] Level 1:colcon.colcon_core.package_discovery:discover_packages(colcon_meta) check parameters
[1.104s] Level 1:colcon.colcon_core.package_discovery:discover_packages(recursive) check parameters
[1.105s] Level 1:colcon.colcon_core.package_discovery:discover_packages(ignore) check parameters
[1.106s] Level 1:colcon.colcon_core.package_discovery:discover_packages(path) check parameters
[1.106s] Level 1:colcon.colcon_core.package_discovery:discover_packages(colcon_meta) discover
[1.108s] Level 1:colcon.colcon_core.package_discovery:discover_packages(recursive) discover
[1.108s] INFO:colcon.colcon_core.package_discovery:Crawling recursively for packages in '/home/pi4/ros2_test'
[1.109s] Level 1:colcon.colcon_core.package_identification:_identify(.) by extensions ['ignore', 'ignore_ament_install']
[1.110s] Level 1:colcon.colcon_core.package_identification:_identify(.) by extension 'ignore'
[1.111s] Level 1:colcon.colcon_core.package_identification:_identify(.) by extension 'ignore_ament_install'
[1.112s] Level 1:colcon.colcon_core.package_identification:_identify(.) by extensions ['colcon_pkg']
[1.112s] Level 1:colcon.colcon_core.package_identification:_identify(.) by extension 'colcon_pkg'
[1.113s] Level 1:colcon.colcon_core.package_identification:_identify(.) by extensions ['colcon_meta']
[1.114s] Level 1:colcon.colcon_core.package_identification:_identify(.) by extension 'colcon_meta'
[1.114s] Level 1:colcon.colcon_core.package_identification:_identify(.) by extensions ['ros']
[1.115s] Level 1:colcon.colcon_core.package_identification:_identify(.) by extension 'ros'
[1.179s] Level 1:colcon.colcon_core.package_identification:_identify(.) by extensions ['cmake', 'python']
[1.179s] Level 1:colcon.colcon_core.package_identification:_identify(.) by extension 'cmake'
[1.180s] Level 1:colcon.colcon_core.package_identification:_identify(.) by extension 'python'
[1.181s] Level 1:colcon.colcon_core.package_identification:_identify(.) by extensions ['python_setup_py']
[1.182s] Level 1:colcon.colcon_core.package_identification:_identify(.) by extension 'python_setup_py'
[1.183s] Level 1:colcon.colcon_core.package_identification:_identify(build) by extensions ['ignore', 'ignore_ament_install']
[1.184s] Level 1:colcon.colcon_core.package_identification:_identify(build) by extension 'ignore'
[1.185s] Level 1:colcon.colcon_core.package_identification:_identify(build) ignored
[1.187s] Level 1:colcon.colcon_core.package_identification:_identify(install) by extensions ['ignore', 'ignore_ament_install']
[1.188s] Level 1:colcon.colcon_core.package_identification:_identify(install) by extension 'ignore'
[1.188s] Level 1:colcon.colcon_core.package_identification:_identify(install) ignored
[1.190s] Level 1:colcon.colcon_core.package_identification:_identify(log) by extensions ['ignore', 'ignore_ament_install']
[1.191s] Level 1:colcon.colcon_core.package_identification:_identify(log) by extension 'ignore'
[1.192s] Level 1:colcon.colcon_core.package_identification:_identify(log) ignored
[1.193s] Level 1:colcon.colcon_core.package_identification:_identify(src) by extensions ['ignore', 'ignore_ament_install']
[1.194s] Level 1:colcon.colcon_core.package_identification:_identify(src) by extension 'ignore'
[1.195s] Level 1:colcon.colcon_core.package_identification:_identify(src) by extension 'ignore_ament_install'
[1.196s] Level 1:colcon.colcon_core.package_identification:_identify(src) by extensions ['colcon_pkg']
[1.196s] Level 1:colcon.colcon_core.package_identification:_identify(src) by extension 'colcon_pkg'
[1.197s] Level 1:colcon.colcon_core.package_identification:_identify(src) by extensions ['colcon_meta']
[1.198s] Level 1:colcon.colcon_core.package_identification:_identify(src) by extension 'colcon_meta'
[1.198s] Level 1:colcon.colcon_core.package_identification:_identify(src) by extensions ['ros']
[1.199s] Level 1:colcon.colcon_core.package_identification:_identify(src) by extension 'ros'
[1.200s] Level 1:colcon.colcon_core.package_identification:_identify(src) by extensions ['cmake', 'python']
[1.201s] Level 1:colcon.colcon_core.package_identification:_identify(src) by extension 'cmake'
[1.201s] Level 1:colcon.colcon_core.package_identification:_identify(src) by extension 'python'
[1.202s] Level 1:colcon.colcon_core.package_identification:_identify(src) by extensions ['python_setup_py']
[1.203s] Level 1:colcon.colcon_core.package_identification:_identify(src) by extension 'python_setup_py'
[1.204s] Level 1:colcon.colcon_core.package_identification:_identify(src/gpio_test) by extensions ['ignore', 'ignore_ament_install']
[1.205s] Level 1:colcon.colcon_core.package_identification:_identify(src/gpio_test) by extension 'ignore'
[1.206s] Level 1:colcon.colcon_core.package_identification:_identify(src/gpio_test) by extension 'ignore_ament_install'
[1.207s] Level 1:colcon.colcon_core.package_identification:_identify(src/gpio_test) by extensions ['colcon_pkg']
[1.207s] Level 1:colcon.colcon_core.package_identification:_identify(src/gpio_test) by extension 'colcon_pkg'
[1.208s] Level 1:colcon.colcon_core.package_identification:_identify(src/gpio_test) by extensions ['colcon_meta']
[1.209s] Level 1:colcon.colcon_core.package_identification:_identify(src/gpio_test) by extension 'colcon_meta'
[1.209s] Level 1:colcon.colcon_core.package_identification:_identify(src/gpio_test) by extensions ['ros']
[1.210s] Level 1:colcon.colcon_core.package_identification:_identify(src/gpio_test) by extension 'ros'
[1.223s] DEBUG:colcon.colcon_core.package_identification:Package 'src/gpio_test' with type 'ros.ament_cmake' and name 'gpio_test'
[1.224s] Level 1:colcon.colcon_core.package_discovery:discover_packages(recursive) using defaults
[1.224s] Level 1:colcon.colcon_core.package_discovery:discover_packages(ignore) discover
[1.225s] Level 1:colcon.colcon_core.package_discovery:discover_packages(ignore) using defaults
[1.225s] Level 1:colcon.colcon_core.package_discovery:discover_packages(path) discover
[1.226s] Level 1:colcon.colcon_core.package_discovery:discover_packages(path) using defaults
[1.392s] Level 1:colcon.colcon_core.package_discovery:discover_packages(prefix_path) check parameters
[1.393s] Level 1:colcon.colcon_core.package_discovery:discover_packages(prefix_path) discover
[1.413s] DEBUG:colcon.colcon_installed_package_information.package_discovery:Found 1 installed packages in /home/pi4/ros2_test/install
[1.425s] DEBUG:colcon.colcon_installed_package_information.package_discovery:Found 264 installed packages in /opt/ros/foxy
[1.434s] Level 1:colcon.colcon_core.package_discovery:discover_packages(prefix_path) using defaults
[1.970s] Level 5:colcon.colcon_core.verb:set package 'gpio_test' build argument 'cmake_args' from command line to 'None'
[1.970s] Level 5:colcon.colcon_core.verb:set package 'gpio_test' build argument 'cmake_target' from command line to 'None'
[1.971s] Level 5:colcon.colcon_core.verb:set package 'gpio_test' build argument 'cmake_target_skip_unavailable' from command line to 'False'
[1.971s] Level 5:colcon.colcon_core.verb:set package 'gpio_test' build argument 'cmake_clean_cache' from command line to 'False'
[1.971s] Level 5:colcon.colcon_core.verb:set package 'gpio_test' build argument 'cmake_clean_first' from command line to 'False'
[1.971s] Level 5:colcon.colcon_core.verb:set package 'gpio_test' build argument 'cmake_force_configure' from command line to 'False'
[1.971s] Level 5:colcon.colcon_core.verb:set package 'gpio_test' build argument 'ament_cmake_args' from command line to 'None'
[1.972s] Level 5:colcon.colcon_core.verb:set package 'gpio_test' build argument 'catkin_cmake_args' from command line to 'None'
[1.972s] Level 5:colcon.colcon_core.verb:set package 'gpio_test' build argument 'catkin_skip_building_tests' from command line to 'False'
[1.972s] DEBUG:colcon.colcon_core.verb:Building package 'gpio_test' with the following arguments: {'ament_cmake_args': None, 'build_base': '/home/pi4/ros2_test/build/gpio_test', 'catkin_cmake_args': None, 'catkin_skip_building_tests': False, 'cmake_args': None, 'cmake_clean_cache': False, 'cmake_clean_first': False, 'cmake_force_configure': False, 'cmake_target': None, 'cmake_target_skip_unavailable': False, 'install_base': '/home/pi4/ros2_test/install/gpio_test', 'merge_install': False, 'path': '/home/pi4/ros2_test/src/gpio_test', 'symlink_install': False, 'test_result_base': None}
[1.976s] INFO:colcon.colcon_core.executor:Executing jobs using 'parallel' executor
[1.997s] DEBUG:colcon.colcon_parallel_executor.executor.parallel:run_until_complete
[1.999s] INFO:colcon.colcon_ros.task.ament_cmake.build:Building ROS package in '/home/pi4/ros2_test/src/gpio_test' with build type 'ament_cmake'
[2.000s] INFO:colcon.colcon_cmake.task.cmake.build:Building CMake package in '/home/pi4/ros2_test/src/gpio_test'
[2.029s] INFO:colcon.colcon_core.plugin_system:Skipping extension 'colcon_core.shell.bat': Not used on non-Windows systems
[2.033s] INFO:colcon.colcon_core.shell:Skip shell extension 'powershell' for command environment: Not usable outside of PowerShell
[2.033s] DEBUG:colcon.colcon_core.shell:Skip shell extension 'dsv' for command environment
[2.158s] DEBUG:colcon.colcon_core.event_handler.log_command:Invoking command in '/home/pi4/ros2_test/build/gpio_test': CMAKE_PREFIX_PATH=${CMAKE_PREFIX_PATH}:/opt/ros/foxy /bin/cmake --build /home/pi4/ros2_test/build/gpio_test -- -j4 -l4
[4.122s] DEBUG:colcon.colcon_core.event_handler.log_command:Invoked command in '/home/pi4/ros2_test/build/gpio_test' returned '2': CMAKE_PREFIX_PATH=${CMAKE_PREFIX_PATH}:/opt/ros/foxy /bin/cmake --build /home/pi4/ros2_test/build/gpio_test -- -j4 -l4
[4.298s] Level 1:colcon.colcon_core.environment:create_environment_scripts_only(gpio_test)
[4.330s] Level 1:colcon.colcon_core.environment:checking '/home/pi4/ros2_test/install/gpio_test' for CMake module files
[4.335s] Level 1:colcon.colcon_core.environment:checking '/home/pi4/ros2_test/install/gpio_test' for CMake config files
[4.337s] Level 1:colcon.colcon_core.shell:create_environment_hook('gpio_test', 'cmake_prefix_path')
[4.344s] INFO:colcon.colcon_core.shell:Creating environment hook '/home/pi4/ros2_test/install/gpio_test/share/gpio_test/hook/cmake_prefix_path.ps1'
[4.348s] INFO:colcon.colcon_core.shell:Creating environment descriptor '/home/pi4/ros2_test/install/gpio_test/share/gpio_test/hook/cmake_prefix_path.dsv'
[4.352s] INFO:colcon.colcon_core.shell:Creating environment hook '/home/pi4/ros2_test/install/gpio_test/share/gpio_test/hook/cmake_prefix_path.sh'
[4.360s] Level 1:colcon.colcon_core.environment:checking '/home/pi4/ros2_test/install/gpio_test/lib'
[4.361s] Level 1:colcon.colcon_core.environment:checking '/home/pi4/ros2_test/install/gpio_test/bin'
[4.362s] Level 1:colcon.colcon_core.environment:checking '/home/pi4/ros2_test/install/gpio_test/lib/pkgconfig/gpio_test.pc'
[4.364s] Level 1:colcon.colcon_core.environment:checking '/home/pi4/ros2_test/install/gpio_test/lib/python3.8/site-packages'
[4.366s] Level 1:colcon.colcon_core.environment:checking '/home/pi4/ros2_test/install/gpio_test/bin'
[4.378s] INFO:colcon.colcon_core.shell:Creating package script '/home/pi4/ros2_test/install/gpio_test/share/gpio_test/package.ps1'
[4.384s] INFO:colcon.colcon_core.shell:Creating package descriptor '/home/pi4/ros2_test/install/gpio_test/share/gpio_test/package.dsv'
[4.388s] INFO:colcon.colcon_core.shell:Creating package script '/home/pi4/ros2_test/install/gpio_test/share/gpio_test/package.sh'
[4.395s] INFO:colcon.colcon_core.shell:Creating package script '/home/pi4/ros2_test/install/gpio_test/share/gpio_test/package.bash'
[4.402s] INFO:colcon.colcon_core.shell:Creating package script '/home/pi4/ros2_test/install/gpio_test/share/gpio_test/package.zsh'
[4.407s] Level 1:colcon.colcon_core.environment:create_file_with_runtime_dependencies(/home/pi4/ros2_test/install/gpio_test/share/colcon-core/packages/gpio_test)
[4.416s] DEBUG:colcon.colcon_parallel_executor.executor.parallel:closing loop
[4.418s] DEBUG:colcon.colcon_parallel_executor.executor.parallel:loop closed
[4.418s] DEBUG:colcon.colcon_parallel_executor.executor.parallel:run_until_complete finished with '2'
[4.419s] DEBUG:colcon.colcon_core.event_reactor:joining thread
[4.482s] INFO:colcon.colcon_core.plugin_system:Skipping extension 'colcon_notification.desktop_notification.terminal_notifier': Not used on non-Darwin systems
[4.485s] INFO:colcon.colcon_core.plugin_system:Skipping extension 'colcon_notification.desktop_notification.win32': Not used on non-Windows systems
[4.486s] INFO:colcon.colcon_notification.desktop_notification:Sending desktop notification using 'notify2'
[4.619s] DEBUG:colcon.colcon_core.event_reactor:joined thread
[4.637s] INFO:colcon.colcon_core.shell:Creating prefix script '/home/pi4/ros2_test/install/local_setup.ps1'
[4.645s] INFO:colcon.colcon_core.shell:Creating prefix util module '/home/pi4/ros2_test/install/_local_setup_util_ps1.py'
[4.653s] INFO:colcon.colcon_core.shell:Creating prefix chain script '/home/pi4/ros2_test/install/setup.ps1'
[4.662s] INFO:colcon.colcon_core.shell:Creating prefix script '/home/pi4/ros2_test/install/local_setup.sh'
[4.666s] INFO:colcon.colcon_core.shell:Creating prefix util module '/home/pi4/ros2_test/install/_local_setup_util_sh.py'
[4.670s] INFO:colcon.colcon_core.shell:Creating prefix chain script '/home/pi4/ros2_test/install/setup.sh'
[4.678s] INFO:colcon.colcon_core.shell:Creating prefix script '/home/pi4/ros2_test/install/local_setup.bash'
[4.682s] INFO:colcon.colcon_core.shell:Creating prefix chain script '/home/pi4/ros2_test/install/setup.bash'
[4.691s] INFO:colcon.colcon_core.shell:Creating prefix script '/home/pi4/ros2_test/install/local_setup.zsh'
[4.695s] INFO:colcon.colcon_core.shell:Creating prefix chain script '/home/pi4/ros2_test/install/setup.zsh'
