[0.881s] DEBUG:colcon:Command line arguments: ['/bin/colcon', 'build', '--symlink-install', '--packages-select', 'gpio_test']
[0.881s] DEBUG:colcon:Parsed command line arguments: Namespace(allow_overriding=[], ament_cmake_args=None, base_paths=['.'], build_base='build', catkin_cmake_args=None, catkin_skip_building_tests=False, cmake_args=None, cmake_clean_cache=False, cmake_clean_first=False, cmake_force_configure=False, cmake_target=None, cmake_target_skip_unavailable=False, continue_on_error=False, event_handlers=None, executor='parallel', ignore_user_meta=False, install_base='install', log_base=None, log_level=None, main=<bound method BuildVerb.main of <colcon_core.verb.build.BuildVerb object at 0xffff9689fa30>>, merge_install=False, metas=['./colcon.meta'], packages_above=None, packages_above_and_dependencies=None, packages_above_depth=None, packages_end=None, packages_ignore=None, packages_ignore_regex=None, packages_select=['gpio_test'], packages_select_build_failed=False, packages_select_by_dep=None, packages_select_regex=None, packages_select_test_failures=False, packages_skip=None, packages_skip_build_finished=False, packages_skip_by_dep=None, packages_skip_regex=None, packages_skip_test_passed=False, packages_skip_up_to=None, packages_start=None, packages_up_to=None, packages_up_to_regex=None, parallel_workers=4, paths=None, symlink_install=True, test_result_base=None, verb_extension=<colcon_core.verb.build.BuildVerb object at 0xffff9689fa30>, verb_name='build', verb_parser=<colcon_defaults.argument_parser.defaults.DefaultArgumentsDecorator object at 0xffff9689ffa0>)
[1.045s] Level 1:colcon.colcon_core.package_discovery:discover_packages(colcon_meta) check parameters
[1.046s] Level 1:colcon.colcon_core.package_discovery:discover_packages(recursive) check parameters
[1.046s] Level 1:colcon.colcon_core.package_discovery:discover_packages(ignore) check parameters
[1.046s] Level 1:colcon.colcon_core.package_discovery:discover_packages(path) check parameters
[1.046s] Level 1:colcon.colcon_core.package_discovery:discover_packages(colcon_meta) discover
[1.047s] Level 1:colcon.colcon_core.package_discovery:discover_packages(recursive) discover
[1.047s] INFO:colcon.colcon_core.package_discovery:Crawling recursively for packages in '/home/pi4/ros2_test'
[1.048s] Level 1:colcon.colcon_core.package_identification:_identify(.) by extensions ['ignore', 'ignore_ament_install']
[1.048s] Level 1:colcon.colcon_core.package_identification:_identify(.) by extension 'ignore'
[1.049s] Level 1:colcon.colcon_core.package_identification:_identify(.) by extension 'ignore_ament_install'
[1.049s] Level 1:colcon.colcon_core.package_identification:_identify(.) by extensions ['colcon_pkg']
[1.049s] Level 1:colcon.colcon_core.package_identification:_identify(.) by extension 'colcon_pkg'
[1.049s] Level 1:colcon.colcon_core.package_identification:_identify(.) by extensions ['colcon_meta']
[1.049s] Level 1:colcon.colcon_core.package_identification:_identify(.) by extension 'colcon_meta'
[1.050s] Level 1:colcon.colcon_core.package_identification:_identify(.) by extensions ['ros']
[1.050s] Level 1:colcon.colcon_core.package_identification:_identify(.) by extension 'ros'
[1.120s] Level 1:colcon.colcon_core.package_identification:_identify(.) by extensions ['cmake', 'python']
[1.120s] Level 1:colcon.colcon_core.package_identification:_identify(.) by extension 'cmake'
[1.120s] Level 1:colcon.colcon_core.package_identification:_identify(.) by extension 'python'
[1.121s] Level 1:colcon.colcon_core.package_identification:_identify(.) by extensions ['python_setup_py']
[1.121s] Level 1:colcon.colcon_core.package_identification:_identify(.) by extension 'python_setup_py'
[1.122s] Level 1:colcon.colcon_core.package_identification:_identify(build) by extensions ['ignore', 'ignore_ament_install']
[1.122s] Level 1:colcon.colcon_core.package_identification:_identify(build) by extension 'ignore'
[1.122s] Level 1:colcon.colcon_core.package_identification:_identify(build) ignored
[1.123s] Level 1:colcon.colcon_core.package_identification:_identify(install) by extensions ['ignore', 'ignore_ament_install']
[1.124s] Level 1:colcon.colcon_core.package_identification:_identify(install) by extension 'ignore'
[1.124s] Level 1:colcon.colcon_core.package_identification:_identify(install) ignored
[1.125s] Level 1:colcon.colcon_core.package_identification:_identify(log) by extensions ['ignore', 'ignore_ament_install']
[1.126s] Level 1:colcon.colcon_core.package_identification:_identify(log) by extension 'ignore'
[1.126s] Level 1:colcon.colcon_core.package_identification:_identify(log) ignored
[1.126s] Level 1:colcon.colcon_core.package_identification:_identify(src) by extensions ['ignore', 'ignore_ament_install']
[1.127s] Level 1:colcon.colcon_core.package_identification:_identify(src) by extension 'ignore'
[1.128s] Level 1:colcon.colcon_core.package_identification:_identify(src) by extension 'ignore_ament_install'
[1.128s] Level 1:colcon.colcon_core.package_identification:_identify(src) by extensions ['colcon_pkg']
[1.129s] Level 1:colcon.colcon_core.package_identification:_identify(src) by extension 'colcon_pkg'
[1.130s] Level 1:colcon.colcon_core.package_identification:_identify(src) by extensions ['colcon_meta']
[1.132s] Level 1:colcon.colcon_core.package_identification:_identify(src) by extension 'colcon_meta'
[1.132s] Level 1:colcon.colcon_core.package_identification:_identify(src) by extensions ['ros']
[1.133s] Level 1:colcon.colcon_core.package_identification:_identify(src) by extension 'ros'
[1.133s] Level 1:colcon.colcon_core.package_identification:_identify(src) by extensions ['cmake', 'python']
[1.134s] Level 1:colcon.colcon_core.package_identification:_identify(src) by extension 'cmake'
[1.134s] Level 1:colcon.colcon_core.package_identification:_identify(src) by extension 'python'
[1.134s] Level 1:colcon.colcon_core.package_identification:_identify(src) by extensions ['python_setup_py']
[1.134s] Level 1:colcon.colcon_core.package_identification:_identify(src) by extension 'python_setup_py'
[1.135s] Level 1:colcon.colcon_core.package_identification:_identify(src/gpio_test) by extensions ['ignore', 'ignore_ament_install']
[1.136s] Level 1:colcon.colcon_core.package_identification:_identify(src/gpio_test) by extension 'ignore'
[1.136s] Level 1:colcon.colcon_core.package_identification:_identify(src/gpio_test) by extension 'ignore_ament_install'
[1.136s] Level 1:colcon.colcon_core.package_identification:_identify(src/gpio_test) by extensions ['colcon_pkg']
[1.136s] Level 1:colcon.colcon_core.package_identification:_identify(src/gpio_test) by extension 'colcon_pkg'
[1.136s] Level 1:colcon.colcon_core.package_identification:_identify(src/gpio_test) by extensions ['colcon_meta']
[1.137s] Level 1:colcon.colcon_core.package_identification:_identify(src/gpio_test) by extension 'colcon_meta'
[1.137s] Level 1:colcon.colcon_core.package_identification:_identify(src/gpio_test) by extensions ['ros']
[1.137s] Level 1:colcon.colcon_core.package_identification:_identify(src/gpio_test) by extension 'ros'
[1.148s] DEBUG:colcon.colcon_core.package_identification:Package 'src/gpio_test' with type 'ros.ament_cmake' and name 'gpio_test'
[1.148s] Level 1:colcon.colcon_core.package_discovery:discover_packages(recursive) using defaults
[1.149s] Level 1:colcon.colcon_core.package_discovery:discover_packages(ignore) discover
[1.149s] Level 1:colcon.colcon_core.package_discovery:discover_packages(ignore) using defaults
[1.149s] Level 1:colcon.colcon_core.package_discovery:discover_packages(path) discover
[1.149s] Level 1:colcon.colcon_core.package_discovery:discover_packages(path) using defaults
[1.303s] Level 1:colcon.colcon_core.package_discovery:discover_packages(prefix_path) check parameters
[1.303s] Level 1:colcon.colcon_core.package_discovery:discover_packages(prefix_path) discover
[1.319s] DEBUG:colcon.colcon_installed_package_information.package_discovery:Found 1 installed packages in /home/pi4/ros2_test/install
[1.330s] DEBUG:colcon.colcon_installed_package_information.package_discovery:Found 264 installed packages in /opt/ros/foxy
[1.336s] Level 1:colcon.colcon_core.package_discovery:discover_packages(prefix_path) using defaults
[1.834s] Level 5:colcon.colcon_core.verb:set package 'gpio_test' build argument 'cmake_args' from command line to 'None'
[1.834s] Level 5:colcon.colcon_core.verb:set package 'gpio_test' build argument 'cmake_target' from command line to 'None'
[1.834s] Level 5:colcon.colcon_core.verb:set package 'gpio_test' build argument 'cmake_target_skip_unavailable' from command line to 'False'
[1.835s] Level 5:colcon.colcon_core.verb:set package 'gpio_test' build argument 'cmake_clean_cache' from command line to 'False'
[1.835s] Level 5:colcon.colcon_core.verb:set package 'gpio_test' build argument 'cmake_clean_first' from command line to 'False'
[1.835s] Level 5:colcon.colcon_core.verb:set package 'gpio_test' build argument 'cmake_force_configure' from command line to 'False'
[1.835s] Level 5:colcon.colcon_core.verb:set package 'gpio_test' build argument 'ament_cmake_args' from command line to 'None'
[1.835s] Level 5:colcon.colcon_core.verb:set package 'gpio_test' build argument 'catkin_cmake_args' from command line to 'None'
[1.835s] Level 5:colcon.colcon_core.verb:set package 'gpio_test' build argument 'catkin_skip_building_tests' from command line to 'False'
[1.835s] DEBUG:colcon.colcon_core.verb:Building package 'gpio_test' with the following arguments: {'ament_cmake_args': None, 'build_base': '/home/pi4/ros2_test/build/gpio_test', 'catkin_cmake_args': None, 'catkin_skip_building_tests': False, 'cmake_args': None, 'cmake_clean_cache': False, 'cmake_clean_first': False, 'cmake_force_configure': False, 'cmake_target': None, 'cmake_target_skip_unavailable': False, 'install_base': '/home/pi4/ros2_test/install/gpio_test', 'merge_install': False, 'path': '/home/pi4/ros2_test/src/gpio_test', 'symlink_install': True, 'test_result_base': None}
[1.839s] INFO:colcon.colcon_core.executor:Executing jobs using 'parallel' executor
[1.855s] DEBUG:colcon.colcon_parallel_executor.executor.parallel:run_until_complete
[1.856s] INFO:colcon.colcon_ros.task.ament_cmake.build:Building ROS package in '/home/pi4/ros2_test/src/gpio_test' with build type 'ament_cmake'
[1.857s] INFO:colcon.colcon_cmake.task.cmake.build:Building CMake package in '/home/pi4/ros2_test/src/gpio_test'
[1.882s] INFO:colcon.colcon_core.plugin_system:Skipping extension 'colcon_core.shell.bat': Not used on non-Windows systems
[1.883s] INFO:colcon.colcon_core.shell:Skip shell extension 'powershell' for command environment: Not usable outside of PowerShell
[1.883s] DEBUG:colcon.colcon_core.shell:Skip shell extension 'dsv' for command environment
[1.956s] DEBUG:colcon.colcon_core.event_handler.log_command:Invoking command in '/home/pi4/ros2_test/build/gpio_test': CMAKE_PREFIX_PATH=${CMAKE_PREFIX_PATH}:/opt/ros/foxy /bin/cmake --build /home/pi4/ros2_test/build/gpio_test -- -j4 -l4
[23.907s] DEBUG:colcon.colcon_core.event_handler.log_command:Invoked command in '/home/pi4/ros2_test/build/gpio_test' returned '0': CMAKE_PREFIX_PATH=${CMAKE_PREFIX_PATH}:/opt/ros/foxy /bin/cmake --build /home/pi4/ros2_test/build/gpio_test -- -j4 -l4
[24.450s] DEBUG:colcon.colcon_core.event_handler.log_command:Invoking command in '/home/pi4/ros2_test/build/gpio_test': CMAKE_PREFIX_PATH=${CMAKE_PREFIX_PATH}:/opt/ros/foxy /bin/cmake --install /home/pi4/ros2_test/build/gpio_test
[25.483s] Level 1:colcon.colcon_core.environment:create_environment_scripts_only(gpio_test)
[25.488s] DEBUG:colcon.colcon_core.event_handler.log_command:Invoked command in '/home/pi4/ros2_test/build/gpio_test' returned '0': CMAKE_PREFIX_PATH=${CMAKE_PREFIX_PATH}:/opt/ros/foxy /bin/cmake --install /home/pi4/ros2_test/build/gpio_test
[25.530s] Level 1:colcon.colcon_core.environment:checking '/home/pi4/ros2_test/install/gpio_test' for CMake module files
[25.534s] Level 1:colcon.colcon_core.environment:checking '/home/pi4/ros2_test/install/gpio_test' for CMake config files
[25.537s] Level 1:colcon.colcon_core.shell:create_environment_hook('gpio_test', 'cmake_prefix_path')
[25.545s] INFO:colcon.colcon_core.shell:Creating environment hook '/home/pi4/ros2_test/install/gpio_test/share/gpio_test/hook/cmake_prefix_path.ps1'
[25.551s] INFO:colcon.colcon_core.shell:Creating environment descriptor '/home/pi4/ros2_test/install/gpio_test/share/gpio_test/hook/cmake_prefix_path.dsv'
[25.555s] INFO:colcon.colcon_core.shell:Creating environment hook '/home/pi4/ros2_test/install/gpio_test/share/gpio_test/hook/cmake_prefix_path.sh'
[25.561s] Level 1:colcon.colcon_core.environment:checking '/home/pi4/ros2_test/install/gpio_test/lib'
[25.562s] Level 1:colcon.colcon_core.environment:checking '/home/pi4/ros2_test/install/gpio_test/bin'
[25.563s] Level 1:colcon.colcon_core.environment:checking '/home/pi4/ros2_test/install/gpio_test/lib/pkgconfig/gpio_test.pc'
[25.564s] Level 1:colcon.colcon_core.environment:checking '/home/pi4/ros2_test/install/gpio_test/lib/python3.8/site-packages'
[25.564s] Level 1:colcon.colcon_core.environment:checking '/home/pi4/ros2_test/install/gpio_test/bin'
[25.574s] INFO:colcon.colcon_core.shell:Creating package script '/home/pi4/ros2_test/install/gpio_test/share/gpio_test/package.ps1'
[25.579s] INFO:colcon.colcon_core.shell:Creating package descriptor '/home/pi4/ros2_test/install/gpio_test/share/gpio_test/package.dsv'
[25.583s] INFO:colcon.colcon_core.shell:Creating package script '/home/pi4/ros2_test/install/gpio_test/share/gpio_test/package.sh'
[25.587s] INFO:colcon.colcon_core.shell:Creating package script '/home/pi4/ros2_test/install/gpio_test/share/gpio_test/package.bash'
[25.592s] INFO:colcon.colcon_core.shell:Creating package script '/home/pi4/ros2_test/install/gpio_test/share/gpio_test/package.zsh'
[25.597s] Level 1:colcon.colcon_core.environment:create_file_with_runtime_dependencies(/home/pi4/ros2_test/install/gpio_test/share/colcon-core/packages/gpio_test)
[25.741s] Level 1:colcon.colcon_core.environment:create_environment_scripts_only(gpio_test)
[25.750s] Level 1:colcon.colcon_core.environment:checking '/home/pi4/ros2_test/install/gpio_test' for CMake module files
[25.753s] Level 1:colcon.colcon_core.environment:checking '/home/pi4/ros2_test/install/gpio_test' for CMake config files
[25.754s] Level 1:colcon.colcon_core.shell:create_environment_hook('gpio_test', 'cmake_prefix_path')
[25.760s] INFO:colcon.colcon_core.shell:Creating environment hook '/home/pi4/ros2_test/install/gpio_test/share/gpio_test/hook/cmake_prefix_path.ps1'
[25.762s] INFO:colcon.colcon_core.shell:Creating environment descriptor '/home/pi4/ros2_test/install/gpio_test/share/gpio_test/hook/cmake_prefix_path.dsv'
[25.764s] INFO:colcon.colcon_core.shell:Creating environment hook '/home/pi4/ros2_test/install/gpio_test/share/gpio_test/hook/cmake_prefix_path.sh'
[25.768s] Level 1:colcon.colcon_core.environment:checking '/home/pi4/ros2_test/install/gpio_test/lib'
[25.771s] Level 1:colcon.colcon_core.environment:checking '/home/pi4/ros2_test/install/gpio_test/bin'
[25.771s] Level 1:colcon.colcon_core.environment:checking '/home/pi4/ros2_test/install/gpio_test/lib/pkgconfig/gpio_test.pc'
[25.772s] Level 1:colcon.colcon_core.environment:checking '/home/pi4/ros2_test/install/gpio_test/lib/python3.8/site-packages'
[25.773s] Level 1:colcon.colcon_core.environment:checking '/home/pi4/ros2_test/install/gpio_test/bin'
[25.778s] INFO:colcon.colcon_core.shell:Creating package script '/home/pi4/ros2_test/install/gpio_test/share/gpio_test/package.ps1'
[25.781s] INFO:colcon.colcon_core.shell:Creating package descriptor '/home/pi4/ros2_test/install/gpio_test/share/gpio_test/package.dsv'
[25.783s] INFO:colcon.colcon_core.shell:Creating package script '/home/pi4/ros2_test/install/gpio_test/share/gpio_test/package.sh'
[25.785s] INFO:colcon.colcon_core.shell:Creating package script '/home/pi4/ros2_test/install/gpio_test/share/gpio_test/package.bash'
[25.787s] INFO:colcon.colcon_core.shell:Creating package script '/home/pi4/ros2_test/install/gpio_test/share/gpio_test/package.zsh'
[25.789s] Level 1:colcon.colcon_core.environment:create_file_with_runtime_dependencies(/home/pi4/ros2_test/install/gpio_test/share/colcon-core/packages/gpio_test)
[25.791s] DEBUG:colcon.colcon_parallel_executor.executor.parallel:closing loop
[25.792s] DEBUG:colcon.colcon_parallel_executor.executor.parallel:loop closed
[25.792s] DEBUG:colcon.colcon_parallel_executor.executor.parallel:run_until_complete finished with '0'
[25.793s] DEBUG:colcon.colcon_core.event_reactor:joining thread
[25.886s] INFO:colcon.colcon_core.plugin_system:Skipping extension 'colcon_notification.desktop_notification.terminal_notifier': Not used on non-Darwin systems
[25.886s] INFO:colcon.colcon_core.plugin_system:Skipping extension 'colcon_notification.desktop_notification.win32': Not used on non-Windows systems
[25.887s] INFO:colcon.colcon_notification.desktop_notification:Sending desktop notification using 'notify2'
[26.012s] DEBUG:colcon.colcon_core.event_reactor:joined thread
[26.018s] INFO:colcon.colcon_core.shell:Creating prefix script '/home/pi4/ros2_test/install/local_setup.ps1'
[26.028s] INFO:colcon.colcon_core.shell:Creating prefix util module '/home/pi4/ros2_test/install/_local_setup_util_ps1.py'
[26.036s] INFO:colcon.colcon_core.shell:Creating prefix chain script '/home/pi4/ros2_test/install/setup.ps1'
[26.045s] INFO:colcon.colcon_core.shell:Creating prefix script '/home/pi4/ros2_test/install/local_setup.sh'
[26.050s] INFO:colcon.colcon_core.shell:Creating prefix util module '/home/pi4/ros2_test/install/_local_setup_util_sh.py'
[26.054s] INFO:colcon.colcon_core.shell:Creating prefix chain script '/home/pi4/ros2_test/install/setup.sh'
[26.063s] INFO:colcon.colcon_core.shell:Creating prefix script '/home/pi4/ros2_test/install/local_setup.bash'
[26.068s] INFO:colcon.colcon_core.shell:Creating prefix chain script '/home/pi4/ros2_test/install/setup.bash'
[26.077s] INFO:colcon.colcon_core.shell:Creating prefix script '/home/pi4/ros2_test/install/local_setup.zsh'
[26.081s] INFO:colcon.colcon_core.shell:Creating prefix chain script '/home/pi4/ros2_test/install/setup.zsh'
