[0.579s] DEBUG:colcon:Command line arguments: ['/bin/colcon', 'build', '--packages-select', 'gpio_test']
[0.580s] DEBUG:colcon:Parsed command line arguments: Namespace(allow_overriding=[], ament_cmake_args=None, base_paths=['.'], build_base='build', catkin_cmake_args=None, catkin_skip_building_tests=False, cmake_args=None, cmake_clean_cache=False, cmake_clean_first=False, cmake_force_configure=False, cmake_target=None, cmake_target_skip_unavailable=False, continue_on_error=False, event_handlers=None, executor='parallel', ignore_user_meta=False, install_base='install', log_base=None, log_level=None, main=<bound method BuildVerb.main of <colcon_core.verb.build.BuildVerb object at 0xffff8eb7e910>>, merge_install=False, metas=['./colcon.meta'], packages_above=None, packages_above_and_dependencies=None, packages_above_depth=None, packages_end=None, packages_ignore=None, packages_ignore_regex=None, packages_select=['gpio_test'], packages_select_build_failed=False, packages_select_by_dep=None, packages_select_regex=None, packages_select_test_failures=False, packages_skip=None, packages_skip_build_finished=False, packages_skip_by_dep=None, packages_skip_regex=None, packages_skip_test_passed=False, packages_skip_up_to=None, packages_start=None, packages_up_to=None, packages_up_to_regex=None, parallel_workers=4, paths=None, symlink_install=False, test_result_base=None, verb_extension=<colcon_core.verb.build.BuildVerb object at 0xffff8eb7e910>, verb_name='build', verb_parser=<colcon_defaults.argument_parser.defaults.DefaultArgumentsDecorator object at 0xffff8eb7ee80>)
[0.675s] Level 1:colcon.colcon_core.package_discovery:discover_packages(colcon_meta) check parameters
[0.676s] Level 1:colcon.colcon_core.package_discovery:discover_packages(recursive) check parameters
[0.676s] Level 1:colcon.colcon_core.package_discovery:discover_packages(ignore) check parameters
[0.676s] Level 1:colcon.colcon_core.package_discovery:discover_packages(path) check parameters
[0.676s] Level 1:colcon.colcon_core.package_discovery:discover_packages(colcon_meta) discover
[0.677s] Level 1:colcon.colcon_core.package_discovery:discover_packages(recursive) discover
[0.677s] INFO:colcon.colcon_core.package_discovery:Crawling recursively for packages in '/home/pi4/ros2_test'
[0.678s] Level 1:colcon.colcon_core.package_identification:_identify(.) by extensions ['ignore', 'ignore_ament_install']
[0.678s] Level 1:colcon.colcon_core.package_identification:_identify(.) by extension 'ignore'
[0.679s] Level 1:colcon.colcon_core.package_identification:_identify(.) by extension 'ignore_ament_install'
[0.679s] Level 1:colcon.colcon_core.package_identification:_identify(.) by extensions ['colcon_pkg']
[0.679s] Level 1:colcon.colcon_core.package_identification:_identify(.) by extension 'colcon_pkg'
[0.679s] Level 1:colcon.colcon_core.package_identification:_identify(.) by extensions ['colcon_meta']
[0.679s] Level 1:colcon.colcon_core.package_identification:_identify(.) by extension 'colcon_meta'
[0.680s] Level 1:colcon.colcon_core.package_identification:_identify(.) by extensions ['ros']
[0.680s] Level 1:colcon.colcon_core.package_identification:_identify(.) by extension 'ros'
[0.724s] Level 1:colcon.colcon_core.package_identification:_identify(.) by extensions ['cmake', 'python']
[0.724s] Level 1:colcon.colcon_core.package_identification:_identify(.) by extension 'cmake'
[0.724s] Level 1:colcon.colcon_core.package_identification:_identify(.) by extension 'python'
[0.724s] Level 1:colcon.colcon_core.package_identification:_identify(.) by extensions ['python_setup_py']
[0.724s] Level 1:colcon.colcon_core.package_identification:_identify(.) by extension 'python_setup_py'
[0.725s] Level 1:colcon.colcon_core.package_identification:_identify(build) by extensions ['ignore', 'ignore_ament_install']
[0.725s] Level 1:colcon.colcon_core.package_identification:_identify(build) by extension 'ignore'
[0.726s] Level 1:colcon.colcon_core.package_identification:_identify(build) ignored
[0.726s] Level 1:colcon.colcon_core.package_identification:_identify(install) by extensions ['ignore', 'ignore_ament_install']
[0.727s] Level 1:colcon.colcon_core.package_identification:_identify(install) by extension 'ignore'
[0.727s] Level 1:colcon.colcon_core.package_identification:_identify(install) ignored
[0.728s] Level 1:colcon.colcon_core.package_identification:_identify(log) by extensions ['ignore', 'ignore_ament_install']
[0.728s] Level 1:colcon.colcon_core.package_identification:_identify(log) by extension 'ignore'
[0.728s] Level 1:colcon.colcon_core.package_identification:_identify(log) ignored
[0.729s] Level 1:colcon.colcon_core.package_identification:_identify(src) by extensions ['ignore', 'ignore_ament_install']
[0.729s] Level 1:colcon.colcon_core.package_identification:_identify(src) by extension 'ignore'
[0.729s] Level 1:colcon.colcon_core.package_identification:_identify(src) by extension 'ignore_ament_install'
[0.730s] Level 1:colcon.colcon_core.package_identification:_identify(src) by extensions ['colcon_pkg']
[0.730s] Level 1:colcon.colcon_core.package_identification:_identify(src) by extension 'colcon_pkg'
[0.730s] Level 1:colcon.colcon_core.package_identification:_identify(src) by extensions ['colcon_meta']
[0.730s] Level 1:colcon.colcon_core.package_identification:_identify(src) by extension 'colcon_meta'
[0.730s] Level 1:colcon.colcon_core.package_identification:_identify(src) by extensions ['ros']
[0.731s] Level 1:colcon.colcon_core.package_identification:_identify(src) by extension 'ros'
[0.731s] Level 1:colcon.colcon_core.package_identification:_identify(src) by extensions ['cmake', 'python']
[0.731s] Level 1:colcon.colcon_core.package_identification:_identify(src) by extension 'cmake'
[0.731s] Level 1:colcon.colcon_core.package_identification:_identify(src) by extension 'python'
[0.731s] Level 1:colcon.colcon_core.package_identification:_identify(src) by extensions ['python_setup_py']
[0.732s] Level 1:colcon.colcon_core.package_identification:_identify(src) by extension 'python_setup_py'
[0.732s] Level 1:colcon.colcon_core.package_identification:_identify(src/gpio_test) by extensions ['ignore', 'ignore_ament_install']
[0.732s] Level 1:colcon.colcon_core.package_identification:_identify(src/gpio_test) by extension 'ignore'
[0.733s] Level 1:colcon.colcon_core.package_identification:_identify(src/gpio_test) by extension 'ignore_ament_install'
[0.733s] Level 1:colcon.colcon_core.package_identification:_identify(src/gpio_test) by extensions ['colcon_pkg']
[0.733s] Level 1:colcon.colcon_core.package_identification:_identify(src/gpio_test) by extension 'colcon_pkg'
[0.733s] Level 1:colcon.colcon_core.package_identification:_identify(src/gpio_test) by extensions ['colcon_meta']
[0.733s] Level 1:colcon.colcon_core.package_identification:_identify(src/gpio_test) by extension 'colcon_meta'
[0.734s] Level 1:colcon.colcon_core.package_identification:_identify(src/gpio_test) by extensions ['ros']
[0.734s] Level 1:colcon.colcon_core.package_identification:_identify(src/gpio_test) by extension 'ros'
[0.742s] DEBUG:colcon.colcon_core.package_identification:Package 'src/gpio_test' with type 'ros.ament_cmake' and name 'gpio_test'
[0.742s] Level 1:colcon.colcon_core.package_discovery:discover_packages(recursive) using defaults
[0.742s] Level 1:colcon.colcon_core.package_discovery:discover_packages(ignore) discover
[0.742s] Level 1:colcon.colcon_core.package_discovery:discover_packages(ignore) using defaults
[0.743s] Level 1:colcon.colcon_core.package_discovery:discover_packages(path) discover
[0.743s] Level 1:colcon.colcon_core.package_discovery:discover_packages(path) using defaults
[0.855s] Level 1:colcon.colcon_core.package_discovery:discover_packages(prefix_path) check parameters
[0.855s] Level 1:colcon.colcon_core.package_discovery:discover_packages(prefix_path) discover
[0.866s] DEBUG:colcon.colcon_installed_package_information.package_discovery:Found 1 installed packages in /home/pi4/ros2_test/install
[0.876s] DEBUG:colcon.colcon_installed_package_information.package_discovery:Found 264 installed packages in /opt/ros/foxy
[0.883s] Level 1:colcon.colcon_core.package_discovery:discover_packages(prefix_path) using defaults
[1.199s] Level 5:colcon.colcon_core.verb:set package 'gpio_test' build argument 'cmake_args' from command line to 'None'
[1.199s] Level 5:colcon.colcon_core.verb:set package 'gpio_test' build argument 'cmake_target' from command line to 'None'
[1.200s] Level 5:colcon.colcon_core.verb:set package 'gpio_test' build argument 'cmake_target_skip_unavailable' from command line to 'False'
[1.200s] Level 5:colcon.colcon_core.verb:set package 'gpio_test' build argument 'cmake_clean_cache' from command line to 'False'
[1.200s] Level 5:colcon.colcon_core.verb:set package 'gpio_test' build argument 'cmake_clean_first' from command line to 'False'
[1.200s] Level 5:colcon.colcon_core.verb:set package 'gpio_test' build argument 'cmake_force_configure' from command line to 'False'
[1.200s] Level 5:colcon.colcon_core.verb:set package 'gpio_test' build argument 'ament_cmake_args' from command line to 'None'
[1.200s] Level 5:colcon.colcon_core.verb:set package 'gpio_test' build argument 'catkin_cmake_args' from command line to 'None'
[1.200s] Level 5:colcon.colcon_core.verb:set package 'gpio_test' build argument 'catkin_skip_building_tests' from command line to 'False'
[1.201s] DEBUG:colcon.colcon_core.verb:Building package 'gpio_test' with the following arguments: {'ament_cmake_args': None, 'build_base': '/home/pi4/ros2_test/build/gpio_test', 'catkin_cmake_args': None, 'catkin_skip_building_tests': False, 'cmake_args': None, 'cmake_clean_cache': False, 'cmake_clean_first': False, 'cmake_force_configure': False, 'cmake_target': None, 'cmake_target_skip_unavailable': False, 'install_base': '/home/pi4/ros2_test/install/gpio_test', 'merge_install': False, 'path': '/home/pi4/ros2_test/src/gpio_test', 'symlink_install': False, 'test_result_base': None}
[1.204s] INFO:colcon.colcon_core.executor:Executing jobs using 'parallel' executor
[1.222s] DEBUG:colcon.colcon_parallel_executor.executor.parallel:run_until_complete
[1.223s] INFO:colcon.colcon_ros.task.ament_cmake.build:Building ROS package in '/home/pi4/ros2_test/src/gpio_test' with build type 'ament_cmake'
[1.224s] INFO:colcon.colcon_cmake.task.cmake.build:Building CMake package in '/home/pi4/ros2_test/src/gpio_test'
[1.245s] INFO:colcon.colcon_core.plugin_system:Skipping extension 'colcon_core.shell.bat': Not used on non-Windows systems
[1.247s] INFO:colcon.colcon_core.shell:Skip shell extension 'powershell' for command environment: Not usable outside of PowerShell
[1.247s] DEBUG:colcon.colcon_core.shell:Skip shell extension 'dsv' for command environment
[1.310s] DEBUG:colcon.colcon_core.event_handler.log_command:Invoking command in '/home/pi4/ros2_test/build/gpio_test': CMAKE_PREFIX_PATH=${CMAKE_PREFIX_PATH}:/opt/ros/foxy /bin/cmake --build /home/pi4/ros2_test/build/gpio_test -- -j4 -l4
[13.670s] DEBUG:colcon.colcon_core.event_handler.log_command:Invoked command in '/home/pi4/ros2_test/build/gpio_test' returned '0': CMAKE_PREFIX_PATH=${CMAKE_PREFIX_PATH}:/opt/ros/foxy /bin/cmake --build /home/pi4/ros2_test/build/gpio_test -- -j4 -l4
[13.844s] DEBUG:colcon.colcon_core.event_handler.log_command:Invoking command in '/home/pi4/ros2_test/build/gpio_test': CMAKE_PREFIX_PATH=${CMAKE_PREFIX_PATH}:/opt/ros/foxy /bin/cmake --install /home/pi4/ros2_test/build/gpio_test
[13.898s] Level 1:colcon.colcon_core.environment:create_environment_scripts_only(gpio_test)
[13.901s] DEBUG:colcon.colcon_core.event_handler.log_command:Invoked command in '/home/pi4/ros2_test/build/gpio_test' returned '0': CMAKE_PREFIX_PATH=${CMAKE_PREFIX_PATH}:/opt/ros/foxy /bin/cmake --install /home/pi4/ros2_test/build/gpio_test
[13.921s] Level 1:colcon.colcon_core.environment:checking '/home/pi4/ros2_test/install/gpio_test' for CMake module files
[13.924s] Level 1:colcon.colcon_core.environment:checking '/home/pi4/ros2_test/install/gpio_test' for CMake config files
[13.925s] Level 1:colcon.colcon_core.shell:create_environment_hook('gpio_test', 'cmake_prefix_path')
[13.931s] INFO:colcon.colcon_core.shell:Creating environment hook '/home/pi4/ros2_test/install/gpio_test/share/gpio_test/hook/cmake_prefix_path.ps1'
[13.934s] INFO:colcon.colcon_core.shell:Creating environment descriptor '/home/pi4/ros2_test/install/gpio_test/share/gpio_test/hook/cmake_prefix_path.dsv'
[13.936s] INFO:colcon.colcon_core.shell:Creating environment hook '/home/pi4/ros2_test/install/gpio_test/share/gpio_test/hook/cmake_prefix_path.sh'
[13.940s] Level 1:colcon.colcon_core.environment:checking '/home/pi4/ros2_test/install/gpio_test/lib'
[13.941s] Level 1:colcon.colcon_core.environment:checking '/home/pi4/ros2_test/install/gpio_test/bin'
[13.941s] Level 1:colcon.colcon_core.environment:checking '/home/pi4/ros2_test/install/gpio_test/lib/pkgconfig/gpio_test.pc'
[13.942s] Level 1:colcon.colcon_core.environment:checking '/home/pi4/ros2_test/install/gpio_test/lib/python3.8/site-packages'
[13.943s] Level 1:colcon.colcon_core.environment:checking '/home/pi4/ros2_test/install/gpio_test/bin'
[13.949s] INFO:colcon.colcon_core.shell:Creating package script '/home/pi4/ros2_test/install/gpio_test/share/gpio_test/package.ps1'
[13.952s] INFO:colcon.colcon_core.shell:Creating package descriptor '/home/pi4/ros2_test/install/gpio_test/share/gpio_test/package.dsv'
[13.954s] INFO:colcon.colcon_core.shell:Creating package script '/home/pi4/ros2_test/install/gpio_test/share/gpio_test/package.sh'
[13.957s] INFO:colcon.colcon_core.shell:Creating package script '/home/pi4/ros2_test/install/gpio_test/share/gpio_test/package.bash'
[13.962s] INFO:colcon.colcon_core.shell:Creating package script '/home/pi4/ros2_test/install/gpio_test/share/gpio_test/package.zsh'
[13.967s] Level 1:colcon.colcon_core.environment:create_file_with_runtime_dependencies(/home/pi4/ros2_test/install/gpio_test/share/colcon-core/packages/gpio_test)
[14.099s] Level 1:colcon.colcon_core.environment:create_environment_scripts_only(gpio_test)
[14.108s] Level 1:colcon.colcon_core.environment:checking '/home/pi4/ros2_test/install/gpio_test' for CMake module files
[14.110s] Level 1:colcon.colcon_core.environment:checking '/home/pi4/ros2_test/install/gpio_test' for CMake config files
[14.112s] Level 1:colcon.colcon_core.shell:create_environment_hook('gpio_test', 'cmake_prefix_path')
[14.117s] INFO:colcon.colcon_core.shell:Creating environment hook '/home/pi4/ros2_test/install/gpio_test/share/gpio_test/hook/cmake_prefix_path.ps1'
[14.119s] INFO:colcon.colcon_core.shell:Creating environment descriptor '/home/pi4/ros2_test/install/gpio_test/share/gpio_test/hook/cmake_prefix_path.dsv'
[14.121s] INFO:colcon.colcon_core.shell:Creating environment hook '/home/pi4/ros2_test/install/gpio_test/share/gpio_test/hook/cmake_prefix_path.sh'
[14.123s] Level 1:colcon.colcon_core.environment:checking '/home/pi4/ros2_test/install/gpio_test/lib'
[14.124s] Level 1:colcon.colcon_core.environment:checking '/home/pi4/ros2_test/install/gpio_test/bin'
[14.124s] Level 1:colcon.colcon_core.environment:checking '/home/pi4/ros2_test/install/gpio_test/lib/pkgconfig/gpio_test.pc'
[14.125s] Level 1:colcon.colcon_core.environment:checking '/home/pi4/ros2_test/install/gpio_test/lib/python3.8/site-packages'
[14.126s] Level 1:colcon.colcon_core.environment:checking '/home/pi4/ros2_test/install/gpio_test/bin'
[14.131s] INFO:colcon.colcon_core.shell:Creating package script '/home/pi4/ros2_test/install/gpio_test/share/gpio_test/package.ps1'
[14.134s] INFO:colcon.colcon_core.shell:Creating package descriptor '/home/pi4/ros2_test/install/gpio_test/share/gpio_test/package.dsv'
[14.136s] INFO:colcon.colcon_core.shell:Creating package script '/home/pi4/ros2_test/install/gpio_test/share/gpio_test/package.sh'
[14.138s] INFO:colcon.colcon_core.shell:Creating package script '/home/pi4/ros2_test/install/gpio_test/share/gpio_test/package.bash'
[14.140s] INFO:colcon.colcon_core.shell:Creating package script '/home/pi4/ros2_test/install/gpio_test/share/gpio_test/package.zsh'
[14.142s] Level 1:colcon.colcon_core.environment:create_file_with_runtime_dependencies(/home/pi4/ros2_test/install/gpio_test/share/colcon-core/packages/gpio_test)
[14.143s] DEBUG:colcon.colcon_parallel_executor.executor.parallel:closing loop
[14.144s] DEBUG:colcon.colcon_parallel_executor.executor.parallel:loop closed
[14.145s] DEBUG:colcon.colcon_parallel_executor.executor.parallel:run_until_complete finished with '0'
[14.146s] DEBUG:colcon.colcon_core.event_reactor:joining thread
[14.174s] INFO:colcon.colcon_core.plugin_system:Skipping extension 'colcon_notification.desktop_notification.terminal_notifier': Not used on non-Darwin systems
[14.174s] INFO:colcon.colcon_core.plugin_system:Skipping extension 'colcon_notification.desktop_notification.win32': Not used on non-Windows systems
[14.175s] INFO:colcon.colcon_notification.desktop_notification:Sending desktop notification using 'notify2'
[14.235s] DEBUG:colcon.colcon_core.event_reactor:joined thread
[14.242s] INFO:colcon.colcon_core.shell:Creating prefix script '/home/pi4/ros2_test/install/local_setup.ps1'
[14.248s] INFO:colcon.colcon_core.shell:Creating prefix util module '/home/pi4/ros2_test/install/_local_setup_util_ps1.py'
[14.254s] INFO:colcon.colcon_core.shell:Creating prefix chain script '/home/pi4/ros2_test/install/setup.ps1'
[14.261s] INFO:colcon.colcon_core.shell:Creating prefix script '/home/pi4/ros2_test/install/local_setup.sh'
[14.264s] INFO:colcon.colcon_core.shell:Creating prefix util module '/home/pi4/ros2_test/install/_local_setup_util_sh.py'
[14.267s] INFO:colcon.colcon_core.shell:Creating prefix chain script '/home/pi4/ros2_test/install/setup.sh'
[14.274s] INFO:colcon.colcon_core.shell:Creating prefix script '/home/pi4/ros2_test/install/local_setup.bash'
[14.277s] INFO:colcon.colcon_core.shell:Creating prefix chain script '/home/pi4/ros2_test/install/setup.bash'
[14.284s] INFO:colcon.colcon_core.shell:Creating prefix script '/home/pi4/ros2_test/install/local_setup.zsh'
[14.287s] INFO:colcon.colcon_core.shell:Creating prefix chain script '/home/pi4/ros2_test/install/setup.zsh'
